[2016-03-29 14:15:35,420] DEBUG preRegister called. Server=com.sun.jmx.mbeanserver.JmxMBeanServer@68a980fa, name=log4j:logger=kafka.controller (kafka.controller)
[2016-03-29 14:15:42,631] INFO [Controller 0]: Controller starting up (kafka.controller.KafkaController)
[2016-03-29 14:15:42,654] INFO [Controller 0]: Broker 0 starting become controller state transition (kafka.controller.KafkaController)
[2016-03-29 14:15:42,658] INFO [Controller 0]: Initialized controller epoch to 3 and zk version 2 (kafka.controller.KafkaController)
[2016-03-29 14:15:42,665] INFO [Controller 0]: Controller 0 incremented epoch to 4 (kafka.controller.KafkaController)
[2016-03-29 14:15:42,742] INFO [Controller 0]: Partitions undergoing preferred replica election:  (kafka.controller.KafkaController)
[2016-03-29 14:15:42,742] INFO [Controller 0]: Partitions that completed preferred replica election:  (kafka.controller.KafkaController)
[2016-03-29 14:15:42,743] INFO [Controller 0]: Resuming preferred replica election for partitions:  (kafka.controller.KafkaController)
[2016-03-29 14:15:42,745] INFO [Controller 0]: Partitions being reassigned: Map() (kafka.controller.KafkaController)
[2016-03-29 14:15:42,745] INFO [Controller 0]: Partitions already reassigned: List() (kafka.controller.KafkaController)
[2016-03-29 14:15:42,746] INFO [Controller 0]: Resuming reassignment of partitions: Map() (kafka.controller.KafkaController)
[2016-03-29 14:15:42,750] INFO [Controller 0]: List of topics to be deleted:  (kafka.controller.KafkaController)
[2016-03-29 14:15:42,750] INFO [Controller 0]: List of topics ineligible for deletion: Cary,NC,test (kafka.controller.KafkaController)
[2016-03-29 14:15:42,752] INFO [Controller 0]: Currently active brokers in the cluster: Set() (kafka.controller.KafkaController)
[2016-03-29 14:15:42,752] INFO [Controller 0]: Currently shutting brokers in the cluster: Set() (kafka.controller.KafkaController)
[2016-03-29 14:15:42,753] INFO [Controller 0]: Current list of topics in the cluster: Set(Cary, NC, test) (kafka.controller.KafkaController)
[2016-03-29 14:15:42,756] INFO [Replica state machine on controller 0]: Started replica state machine with initial state -> Map([Topic=Cary,Partition=0,Replica=0] -> ReplicaDeletionIneligible, [Topic=test,Partition=0,Replica=0] -> ReplicaDeletionIneligible, [Topic=NC,Partition=0,Replica=0] -> ReplicaDeletionIneligible) (kafka.controller.ReplicaStateMachine)
[2016-03-29 14:15:42,773] DEBUG [OfflinePartitionLeaderSelector]: No broker in ISR is alive for [Cary,0]. Pick the leader from the alive assigned replicas:  (kafka.controller.OfflinePartitionLeaderSelector)
[2016-03-29 14:15:42,785] DEBUG [OfflinePartitionLeaderSelector]: No broker in ISR is alive for [NC,0]. Pick the leader from the alive assigned replicas:  (kafka.controller.OfflinePartitionLeaderSelector)
[2016-03-29 14:15:42,796] DEBUG [OfflinePartitionLeaderSelector]: No broker in ISR is alive for [test,0]. Pick the leader from the alive assigned replicas:  (kafka.controller.OfflinePartitionLeaderSelector)
[2016-03-29 14:15:42,799] INFO [Partition state machine on Controller 0]: Started partition state machine with initial state -> Map([Cary,0] -> OfflinePartition, [NC,0] -> OfflinePartition, [test,0] -> OfflinePartition) (kafka.controller.PartitionStateMachine)
[2016-03-29 14:15:42,802] INFO [Controller 0]: Broker 0 is ready to serve as the new controller with epoch 4 (kafka.controller.KafkaController)
[2016-03-29 14:15:42,803] INFO [Controller 0]: Starting preferred replica leader election for partitions  (kafka.controller.KafkaController)
[2016-03-29 14:15:42,804] INFO [Partition state machine on Controller 0]: Invoking state change to OnlinePartition for partitions  (kafka.controller.PartitionStateMachine)
[2016-03-29 14:15:42,815] INFO [Controller 0]: starting the partition rebalance scheduler (kafka.controller.KafkaController)
[2016-03-29 14:15:42,816] INFO [Controller 0]: Controller startup complete (kafka.controller.KafkaController)
[2016-03-29 14:15:42,827] INFO [BrokerChangeListener on Controller 0]: Broker change listener fired for path /brokers/ids with children 0 (kafka.controller.ReplicaStateMachine$BrokerChangeListener)
[2016-03-29 14:15:42,852] INFO [BrokerChangeListener on Controller 0]: Newly added brokers: 0, deleted brokers: , all live brokers: 0 (kafka.controller.ReplicaStateMachine$BrokerChangeListener)
[2016-03-29 14:15:42,852] DEBUG [Channel manager on controller 0]: Controller 0 trying to connect to broker 0 (kafka.controller.ControllerChannelManager)
[2016-03-29 14:15:42,859] INFO [Controller-0-to-broker-0-send-thread], Controller 0 connected to id:0,host:DABALL2-YP0RH.cisco.com,port:9092 for sending state change requests (kafka.controller.RequestSendThread)
[2016-03-29 14:15:42,860] INFO [Controller-0-to-broker-0-send-thread], Starting  (kafka.controller.RequestSendThread)
[2016-03-29 14:15:42,861] INFO [Controller 0]: New broker startup callback for 0 (kafka.controller.KafkaController)
[2016-03-29 14:15:42,868] INFO [Replica state machine on controller 0]: Invoking state change to OnlineReplica for replicas [Topic=Cary,Partition=0,Replica=0],[Topic=NC,Partition=0,Replica=0],[Topic=test,Partition=0,Replica=0] (kafka.controller.ReplicaStateMachine)
[2016-03-29 14:15:42,886] DEBUG [OfflinePartitionLeaderSelector]: Some broker in ISR is alive for [Cary,0]. Select 0 from ISR 0 to be the leader. (kafka.controller.OfflinePartitionLeaderSelector)
[2016-03-29 14:15:42,887] INFO [OfflinePartitionLeaderSelector]: Selected new leader and ISR {"leader":0,"leader_epoch":1,"isr":[0]} for offline partition [Cary,0] (kafka.controller.OfflinePartitionLeaderSelector)
[2016-03-29 14:15:42,894] DEBUG [Partition state machine on Controller 0]: After leader election, leader cache is updated to Map([Cary,0] -> (Leader:0,ISR:0,LeaderEpoch:1,ControllerEpoch:4), [NC,0] -> (Leader:0,ISR:0,LeaderEpoch:0,ControllerEpoch:3), [test,0] -> (Leader:0,ISR:0,LeaderEpoch:2,ControllerEpoch:3)) (kafka.controller.PartitionStateMachine)
[2016-03-29 14:15:42,899] DEBUG [OfflinePartitionLeaderSelector]: Some broker in ISR is alive for [NC,0]. Select 0 from ISR 0 to be the leader. (kafka.controller.OfflinePartitionLeaderSelector)
[2016-03-29 14:15:42,899] INFO [OfflinePartitionLeaderSelector]: Selected new leader and ISR {"leader":0,"leader_epoch":1,"isr":[0]} for offline partition [NC,0] (kafka.controller.OfflinePartitionLeaderSelector)
[2016-03-29 14:15:42,903] DEBUG [Partition state machine on Controller 0]: After leader election, leader cache is updated to Map([Cary,0] -> (Leader:0,ISR:0,LeaderEpoch:1,ControllerEpoch:4), [NC,0] -> (Leader:0,ISR:0,LeaderEpoch:1,ControllerEpoch:4), [test,0] -> (Leader:0,ISR:0,LeaderEpoch:2,ControllerEpoch:3)) (kafka.controller.PartitionStateMachine)
[2016-03-29 14:15:42,907] DEBUG [OfflinePartitionLeaderSelector]: Some broker in ISR is alive for [test,0]. Select 0 from ISR 0 to be the leader. (kafka.controller.OfflinePartitionLeaderSelector)
[2016-03-29 14:15:42,907] INFO [OfflinePartitionLeaderSelector]: Selected new leader and ISR {"leader":0,"leader_epoch":3,"isr":[0]} for offline partition [test,0] (kafka.controller.OfflinePartitionLeaderSelector)
[2016-03-29 14:15:42,911] DEBUG [Partition state machine on Controller 0]: After leader election, leader cache is updated to Map([Cary,0] -> (Leader:0,ISR:0,LeaderEpoch:1,ControllerEpoch:4), [NC,0] -> (Leader:0,ISR:0,LeaderEpoch:1,ControllerEpoch:4), [test,0] -> (Leader:0,ISR:0,LeaderEpoch:3,ControllerEpoch:4)) (kafka.controller.PartitionStateMachine)
[2016-03-29 14:15:47,818] TRACE [Controller 0]: checking need to trigger partition rebalance (kafka.controller.KafkaController)
[2016-03-29 14:15:47,824] DEBUG [Controller 0]: preferred replicas by broker Map(0 -> Map([Cary,0] -> List(0), [NC,0] -> List(0), [test,0] -> List(0))) (kafka.controller.KafkaController)
[2016-03-29 14:15:47,829] DEBUG [Controller 0]: topics not in preferred replica Map() (kafka.controller.KafkaController)
[2016-03-29 14:15:47,833] TRACE [Controller 0]: leader imbalance ratio for broker 0 is 0.000000 (kafka.controller.KafkaController)
