[2016-03-28 10:35:05,337] INFO Verifying properties (kafka.utils.VerifiableProperties)
[2016-03-28 10:35:05,352] INFO Property broker.id is overridden to 0 (kafka.utils.VerifiableProperties)
[2016-03-28 10:35:05,368] INFO Property log.cleaner.enable is overridden to false (kafka.utils.VerifiableProperties)
[2016-03-28 10:35:05,368] INFO Property log.dirs is overridden to C:CSC742Projectkafkakafka-logs (kafka.utils.VerifiableProperties)
[2016-03-28 10:35:05,368] INFO Property log.retention.check.interval.ms is overridden to 300000 (kafka.utils.VerifiableProperties)
[2016-03-28 10:35:05,368] INFO Property log.retention.hours is overridden to 168 (kafka.utils.VerifiableProperties)
[2016-03-28 10:35:05,368] INFO Property log.segment.bytes is overridden to 1073741824 (kafka.utils.VerifiableProperties)
[2016-03-28 10:35:05,368] INFO Property num.io.threads is overridden to 8 (kafka.utils.VerifiableProperties)
[2016-03-28 10:35:05,368] INFO Property num.network.threads is overridden to 3 (kafka.utils.VerifiableProperties)
[2016-03-28 10:35:05,368] INFO Property num.partitions is overridden to 1 (kafka.utils.VerifiableProperties)
[2016-03-28 10:35:05,368] INFO Property num.recovery.threads.per.data.dir is overridden to 1 (kafka.utils.VerifiableProperties)
[2016-03-28 10:35:05,368] INFO Property port is overridden to 9092 (kafka.utils.VerifiableProperties)
[2016-03-28 10:35:05,368] INFO Property socket.receive.buffer.bytes is overridden to 102400 (kafka.utils.VerifiableProperties)
[2016-03-28 10:35:05,368] INFO Property socket.request.max.bytes is overridden to 104857600 (kafka.utils.VerifiableProperties)
[2016-03-28 10:35:05,368] INFO Property socket.send.buffer.bytes is overridden to 102400 (kafka.utils.VerifiableProperties)
[2016-03-28 10:35:05,368] INFO Property zookeeper.connect is overridden to localhost:2181 (kafka.utils.VerifiableProperties)
[2016-03-28 10:35:05,368] INFO Property zookeeper.connection.timeout.ms is overridden to 6000 (kafka.utils.VerifiableProperties)
[2016-03-28 10:35:05,399] INFO [Kafka Server 0], starting (kafka.server.KafkaServer)
[2016-03-28 10:35:05,415] INFO [Kafka Server 0], Connecting to zookeeper on localhost:2181 (kafka.server.KafkaServer)
[2016-03-28 10:35:05,571] INFO Log directory 'C:\CSC742Project\kafka\CSC742Projectkafkakafka-logs' not found, creating it. (kafka.log.LogManager)
[2016-03-28 10:35:05,571] INFO Loading logs. (kafka.log.LogManager)
[2016-03-28 10:35:05,586] INFO Logs loading complete. (kafka.log.LogManager)
[2016-03-28 10:35:05,586] INFO Starting log cleanup with a period of 300000 ms. (kafka.log.LogManager)
[2016-03-28 10:35:05,586] INFO Starting log flusher with a default period of 9223372036854775807 ms. (kafka.log.LogManager)
[2016-03-28 10:35:05,618] INFO Awaiting socket connections on 0.0.0.0:9092. (kafka.network.Acceptor)
[2016-03-28 10:35:05,618] INFO [Socket Server on Broker 0], Started (kafka.network.SocketServer)
[2016-03-28 10:35:05,664] INFO Will not load MX4J, mx4j-tools.jar is not in the classpath (kafka.utils.Mx4jLoader$)
[2016-03-28 10:35:05,696] INFO 0 successfully elected as leader (kafka.server.ZookeeperLeaderElector)
[2016-03-28 10:35:05,742] INFO Registered broker 0 at path /brokers/ids/0 with address DABALL2-YP0RH.cisco.com:9092. (kafka.utils.ZkUtils$)
[2016-03-28 10:35:05,758] INFO [Kafka Server 0], started (kafka.server.KafkaServer)
[2016-03-28 10:35:05,789] INFO New leader is 0 (kafka.server.ZookeeperLeaderElector$LeaderChangeListener)
[2016-03-28 10:36:24,261] INFO [ReplicaFetcherManager on broker 0] Removed fetcher for partitions [test,0] (kafka.server.ReplicaFetcherManager)
[2016-03-28 10:36:24,277] INFO Completed load of log test-0 with log end offset 0 (kafka.log.Log)
[2016-03-28 10:36:24,292] INFO Created log for partition [test,0] in C:\CSC742Project\kafka\CSC742Projectkafkakafka-logs with properties {segment.index.bytes -> 10485760, file.delete.delay.ms -> 60000, segment.bytes -> 1073741824, flush.ms -> 9223372036854775807, delete.retention.ms -> 86400000, index.interval.bytes -> 4096, retention.bytes -> -1, min.insync.replicas -> 1, cleanup.policy -> delete, unclean.leader.election.enable -> true, segment.ms -> 604800000, max.message.bytes -> 1000012, flush.messages -> 9223372036854775807, min.cleanable.dirty.ratio -> 0.5, retention.ms -> 604800000, segment.jitter.ms -> 0}. (kafka.log.LogManager)
[2016-03-28 10:36:24,292] WARN Partition [test,0] on broker 0: No checkpointed highwatermark is found for partition [test,0] (kafka.cluster.Partition)
[2016-03-28 10:38:41,965] INFO Closing socket connection to /127.0.0.1. (kafka.network.Processor)
[2016-03-28 10:39:25,459] INFO Closing socket connection to /10.150.42.80. (kafka.network.Processor)
[2016-03-28 10:42:37,687] INFO Closing socket connection to /10.150.42.80. (kafka.network.Processor)
[2016-03-28 10:42:44,754] INFO Closing socket connection to /10.150.42.80. (kafka.network.Processor)
[2016-03-28 10:42:50,292] INFO [Kafka Server 0], shutting down (kafka.server.KafkaServer)
[2016-03-28 10:42:50,292] INFO [Kafka Server 0], Starting controlled shutdown (kafka.server.KafkaServer)
[2016-03-28 10:42:50,339] INFO [Kafka Server 0], Controlled shutdown succeeded (kafka.server.KafkaServer)
[2016-03-28 10:42:50,339] INFO Closing socket connection to /10.150.42.80. (kafka.network.Processor)
[2016-03-28 10:42:50,339] INFO [Socket Server on Broker 0], Shutting down (kafka.network.SocketServer)
[2016-03-28 10:42:50,339] INFO [Socket Server on Broker 0], Shutdown completed (kafka.network.SocketServer)
[2016-03-28 10:42:50,339] INFO [Kafka Request Handler on Broker 0], shutting down (kafka.server.KafkaRequestHandlerPool)
[2016-03-28 10:42:50,339] INFO [Kafka Request Handler on Broker 0], shut down completely (kafka.server.KafkaRequestHandlerPool)
[2016-03-28 10:42:50,526] INFO [Replica Manager on Broker 0]: Shut down (kafka.server.ReplicaManager)
[2016-03-28 10:42:50,526] INFO [ReplicaFetcherManager on broker 0] shutting down (kafka.server.ReplicaFetcherManager)
[2016-03-28 10:42:50,526] INFO [ReplicaFetcherManager on broker 0] shutdown completed (kafka.server.ReplicaFetcherManager)
[2016-03-28 10:42:50,526] INFO [Replica Manager on Broker 0]: Shut down completely (kafka.server.ReplicaManager)
[2016-03-28 10:42:50,541] INFO Shutting down. (kafka.log.LogManager)
[2016-03-28 10:42:50,604] INFO Shutdown complete. (kafka.log.LogManager)
[2016-03-28 10:42:50,635] INFO [Kafka Server 0], shut down completed (kafka.server.KafkaServer)
[2016-03-28 11:07:08,667] INFO Verifying properties (kafka.utils.VerifiableProperties)
[2016-03-28 11:07:08,699] INFO Property broker.id is overridden to 0 (kafka.utils.VerifiableProperties)
[2016-03-28 11:07:08,699] INFO Property log.cleaner.enable is overridden to false (kafka.utils.VerifiableProperties)
[2016-03-28 11:07:08,699] INFO Property log.dirs is overridden to C:CSC742Projectkafkakafka-logs (kafka.utils.VerifiableProperties)
[2016-03-28 11:07:08,714] INFO Property log.retention.check.interval.ms is overridden to 300000 (kafka.utils.VerifiableProperties)
[2016-03-28 11:07:08,714] INFO Property log.retention.hours is overridden to 168 (kafka.utils.VerifiableProperties)
[2016-03-28 11:07:08,714] INFO Property log.segment.bytes is overridden to 1073741824 (kafka.utils.VerifiableProperties)
[2016-03-28 11:07:08,714] INFO Property num.io.threads is overridden to 8 (kafka.utils.VerifiableProperties)
[2016-03-28 11:07:08,714] INFO Property num.network.threads is overridden to 3 (kafka.utils.VerifiableProperties)
[2016-03-28 11:07:08,714] INFO Property num.partitions is overridden to 1 (kafka.utils.VerifiableProperties)
[2016-03-28 11:07:08,714] INFO Property num.recovery.threads.per.data.dir is overridden to 1 (kafka.utils.VerifiableProperties)
[2016-03-28 11:07:08,714] INFO Property port is overridden to 9092 (kafka.utils.VerifiableProperties)
[2016-03-28 11:07:08,714] INFO Property socket.receive.buffer.bytes is overridden to 102400 (kafka.utils.VerifiableProperties)
[2016-03-28 11:07:08,714] INFO Property socket.request.max.bytes is overridden to 104857600 (kafka.utils.VerifiableProperties)
[2016-03-28 11:07:08,730] INFO Property socket.send.buffer.bytes is overridden to 102400 (kafka.utils.VerifiableProperties)
[2016-03-28 11:07:08,730] INFO Property zookeeper.connect is overridden to localhost:2181 (kafka.utils.VerifiableProperties)
[2016-03-28 11:07:08,730] INFO Property zookeeper.connection.timeout.ms is overridden to 6000 (kafka.utils.VerifiableProperties)
[2016-03-28 11:07:08,761] INFO [Kafka Server 0], starting (kafka.server.KafkaServer)
[2016-03-28 11:07:08,761] INFO [Kafka Server 0], Connecting to zookeeper on localhost:2181 (kafka.server.KafkaServer)
[2016-03-28 11:07:09,026] INFO Loading logs. (kafka.log.LogManager)
[2016-03-28 11:07:09,057] WARN Error when freeing index buffer (kafka.log.OffsetIndex)
java.lang.NullPointerException
	at kafka.log.OffsetIndex.kafka$log$OffsetIndex$$forceUnmap(OffsetIndex.scala:301)
	at kafka.log.OffsetIndex$$anonfun$resize$1.apply(OffsetIndex.scala:283)
	at kafka.log.OffsetIndex$$anonfun$resize$1.apply(OffsetIndex.scala:276)
	at kafka.utils.Utils$.inLock(Utils.scala:535)
	at kafka.log.OffsetIndex.resize(OffsetIndex.scala:276)
	at kafka.log.Log.loadSegments(Log.scala:179)
	at kafka.log.Log.<init>(Log.scala:67)
	at kafka.log.LogManager$$anonfun$loadLogs$2$$anonfun$3$$anonfun$apply$7$$anonfun$apply$1.apply$mcV$sp(LogManager.scala:142)
	at kafka.utils.Utils$$anon$1.run(Utils.scala:54)
	at java.util.concurrent.Executors$RunnableAdapter.call(Executors.java:471)
	at java.util.concurrent.FutureTask.run(FutureTask.java:262)
	at java.util.concurrent.ThreadPoolExecutor.runWorker(ThreadPoolExecutor.java:1145)
	at java.util.concurrent.ThreadPoolExecutor$Worker.run(ThreadPoolExecutor.java:615)
	at java.lang.Thread.run(Thread.java:745)
[2016-03-28 11:07:09,073] INFO Completed load of log test-0 with log end offset 4 (kafka.log.Log)
[2016-03-28 11:07:09,089] INFO Logs loading complete. (kafka.log.LogManager)
[2016-03-28 11:07:09,089] INFO Starting log cleanup with a period of 300000 ms. (kafka.log.LogManager)
[2016-03-28 11:07:09,089] INFO Starting log flusher with a default period of 9223372036854775807 ms. (kafka.log.LogManager)
[2016-03-28 11:07:09,104] INFO Awaiting socket connections on 0.0.0.0:9092. (kafka.network.Acceptor)
[2016-03-28 11:07:09,104] INFO [Socket Server on Broker 0], Started (kafka.network.SocketServer)
[2016-03-28 11:07:09,151] INFO Will not load MX4J, mx4j-tools.jar is not in the classpath (kafka.utils.Mx4jLoader$)
[2016-03-28 11:07:09,182] INFO 0 successfully elected as leader (kafka.server.ZookeeperLeaderElector)
[2016-03-28 11:07:09,291] INFO Registered broker 0 at path /brokers/ids/0 with address DABALL2-YP0RH.cisco.com:9092. (kafka.utils.ZkUtils$)
[2016-03-28 11:07:09,291] INFO New leader is 0 (kafka.server.ZookeeperLeaderElector$LeaderChangeListener)
[2016-03-28 11:07:09,307] INFO [Kafka Server 0], started (kafka.server.KafkaServer)
[2016-03-28 11:07:09,416] INFO [ReplicaFetcherManager on broker 0] Removed fetcher for partitions [test,0] (kafka.server.ReplicaFetcherManager)
[2016-03-28 11:07:09,432] INFO [ReplicaFetcherManager on broker 0] Removed fetcher for partitions [test,0] (kafka.server.ReplicaFetcherManager)
[2016-03-28 11:07:38,729] INFO Closing socket connection to /10.150.42.80. (kafka.network.Processor)
[2016-03-28 11:07:49,353] INFO Closing socket connection to /127.0.0.1. (kafka.network.Processor)
[2016-03-28 11:09:38,102] INFO Closing socket connection to /10.150.42.80. (kafka.network.Processor)
[2016-03-28 11:09:43,078] INFO Closing socket connection to /10.150.42.80. (kafka.network.Processor)
[2016-03-28 11:09:48,351] INFO [Kafka Server 0], shutting down (kafka.server.KafkaServer)
[2016-03-28 11:09:48,367] INFO [Kafka Server 0], Starting controlled shutdown (kafka.server.KafkaServer)
[2016-03-28 11:09:48,398] INFO [Kafka Server 0], Controlled shutdown succeeded (kafka.server.KafkaServer)
[2016-03-28 11:09:48,398] INFO Closing socket connection to /10.150.42.80. (kafka.network.Processor)
[2016-03-28 11:09:48,414] INFO [Socket Server on Broker 0], Shutting down (kafka.network.SocketServer)
[2016-03-28 11:09:48,414] INFO [Socket Server on Broker 0], Shutdown completed (kafka.network.SocketServer)
[2016-03-28 11:09:48,414] INFO [Kafka Request Handler on Broker 0], shutting down (kafka.server.KafkaRequestHandlerPool)
[2016-03-28 11:09:48,429] INFO [Kafka Request Handler on Broker 0], shut down completely (kafka.server.KafkaRequestHandlerPool)
[2016-03-28 11:09:48,601] INFO [Replica Manager on Broker 0]: Shut down (kafka.server.ReplicaManager)
[2016-03-28 11:09:48,601] INFO [ReplicaFetcherManager on broker 0] shutting down (kafka.server.ReplicaFetcherManager)
[2016-03-28 11:09:48,601] INFO [ReplicaFetcherManager on broker 0] shutdown completed (kafka.server.ReplicaFetcherManager)
[2016-03-28 11:09:48,616] INFO [Replica Manager on Broker 0]: Shut down completely (kafka.server.ReplicaManager)
[2016-03-28 11:09:48,616] INFO Shutting down. (kafka.log.LogManager)
[2016-03-28 11:09:48,710] INFO Shutdown complete. (kafka.log.LogManager)
[2016-03-28 11:09:48,710] INFO [Kafka Server 0], shut down completed (kafka.server.KafkaServer)
[2016-03-28 11:39:53,679] INFO Verifying properties (kafka.utils.VerifiableProperties)
[2016-03-28 11:39:53,710] INFO Property broker.id is overridden to 0 (kafka.utils.VerifiableProperties)
[2016-03-28 11:39:53,710] INFO Property log.cleaner.enable is overridden to false (kafka.utils.VerifiableProperties)
[2016-03-28 11:39:53,710] INFO Property log.dirs is overridden to C:CSC742Projectkafkakafka-logs (kafka.utils.VerifiableProperties)
[2016-03-28 11:39:53,710] INFO Property log.retention.check.interval.ms is overridden to 300000 (kafka.utils.VerifiableProperties)
[2016-03-28 11:39:53,710] INFO Property log.retention.hours is overridden to 168 (kafka.utils.VerifiableProperties)
[2016-03-28 11:39:53,710] INFO Property log.segment.bytes is overridden to 1073741824 (kafka.utils.VerifiableProperties)
[2016-03-28 11:39:53,710] INFO Property num.io.threads is overridden to 8 (kafka.utils.VerifiableProperties)
[2016-03-28 11:39:53,710] INFO Property num.network.threads is overridden to 3 (kafka.utils.VerifiableProperties)
[2016-03-28 11:39:53,710] INFO Property num.partitions is overridden to 1 (kafka.utils.VerifiableProperties)
[2016-03-28 11:39:53,726] INFO Property num.recovery.threads.per.data.dir is overridden to 1 (kafka.utils.VerifiableProperties)
[2016-03-28 11:39:53,726] INFO Property port is overridden to 9092 (kafka.utils.VerifiableProperties)
[2016-03-28 11:39:53,726] INFO Property socket.receive.buffer.bytes is overridden to 102400 (kafka.utils.VerifiableProperties)
[2016-03-28 11:39:53,726] INFO Property socket.request.max.bytes is overridden to 104857600 (kafka.utils.VerifiableProperties)
[2016-03-28 11:39:53,726] INFO Property socket.send.buffer.bytes is overridden to 102400 (kafka.utils.VerifiableProperties)
[2016-03-28 11:39:53,726] INFO Property zookeeper.connect is overridden to localhost:2181 (kafka.utils.VerifiableProperties)
[2016-03-28 11:39:53,726] INFO Property zookeeper.connection.timeout.ms is overridden to 6000 (kafka.utils.VerifiableProperties)
[2016-03-28 11:39:53,757] INFO [Kafka Server 0], starting (kafka.server.KafkaServer)
[2016-03-28 11:39:53,772] INFO [Kafka Server 0], Connecting to zookeeper on localhost:2181 (kafka.server.KafkaServer)
[2016-03-28 11:39:53,991] INFO Loading logs. (kafka.log.LogManager)
[2016-03-28 11:39:54,022] WARN Error when freeing index buffer (kafka.log.OffsetIndex)
java.lang.NullPointerException
	at kafka.log.OffsetIndex.kafka$log$OffsetIndex$$forceUnmap(OffsetIndex.scala:301)
	at kafka.log.OffsetIndex$$anonfun$resize$1.apply(OffsetIndex.scala:283)
	at kafka.log.OffsetIndex$$anonfun$resize$1.apply(OffsetIndex.scala:276)
	at kafka.utils.Utils$.inLock(Utils.scala:535)
	at kafka.log.OffsetIndex.resize(OffsetIndex.scala:276)
	at kafka.log.Log.loadSegments(Log.scala:179)
	at kafka.log.Log.<init>(Log.scala:67)
	at kafka.log.LogManager$$anonfun$loadLogs$2$$anonfun$3$$anonfun$apply$7$$anonfun$apply$1.apply$mcV$sp(LogManager.scala:142)
	at kafka.utils.Utils$$anon$1.run(Utils.scala:54)
	at java.util.concurrent.Executors$RunnableAdapter.call(Executors.java:471)
	at java.util.concurrent.FutureTask.run(FutureTask.java:262)
	at java.util.concurrent.ThreadPoolExecutor.runWorker(ThreadPoolExecutor.java:1145)
	at java.util.concurrent.ThreadPoolExecutor$Worker.run(ThreadPoolExecutor.java:615)
	at java.lang.Thread.run(Thread.java:745)
[2016-03-28 11:39:54,038] INFO Completed load of log test-0 with log end offset 5 (kafka.log.Log)
[2016-03-28 11:39:54,053] INFO Logs loading complete. (kafka.log.LogManager)
[2016-03-28 11:39:54,053] INFO Starting log cleanup with a period of 300000 ms. (kafka.log.LogManager)
[2016-03-28 11:39:54,053] INFO Starting log flusher with a default period of 9223372036854775807 ms. (kafka.log.LogManager)
[2016-03-28 11:39:54,069] INFO Awaiting socket connections on 0.0.0.0:9092. (kafka.network.Acceptor)
[2016-03-28 11:39:54,069] INFO [Socket Server on Broker 0], Started (kafka.network.SocketServer)
[2016-03-28 11:39:54,116] INFO Will not load MX4J, mx4j-tools.jar is not in the classpath (kafka.utils.Mx4jLoader$)
[2016-03-28 11:39:54,147] INFO 0 successfully elected as leader (kafka.server.ZookeeperLeaderElector)
[2016-03-28 11:39:54,272] INFO Registered broker 0 at path /brokers/ids/0 with address DABALL2-YP0RH.cisco.com:9092. (kafka.utils.ZkUtils$)
[2016-03-28 11:39:54,272] INFO New leader is 0 (kafka.server.ZookeeperLeaderElector$LeaderChangeListener)
[2016-03-28 11:39:54,272] INFO [Kafka Server 0], started (kafka.server.KafkaServer)
[2016-03-28 11:39:54,381] INFO [ReplicaFetcherManager on broker 0] Removed fetcher for partitions [test,0] (kafka.server.ReplicaFetcherManager)
[2016-03-28 11:39:54,412] INFO [ReplicaFetcherManager on broker 0] Removed fetcher for partitions [test,0] (kafka.server.ReplicaFetcherManager)
[2016-03-28 11:40:19,653] INFO Topic creation {"version":1,"partitions":{"0":[0]}} (kafka.admin.AdminUtils$)
[2016-03-28 11:40:19,653] INFO [KafkaApi-0] Auto creation of topic Cary with 1 partitions and replication factor 1 is successful! (kafka.server.KafkaApis)
[2016-03-28 11:40:19,668] INFO Topic creation {"version":1,"partitions":{"0":[0]}} (kafka.admin.AdminUtils$)
[2016-03-28 11:40:19,668] INFO [KafkaApi-0] Auto creation of topic NC with 1 partitions and replication factor 1 is successful! (kafka.server.KafkaApis)
[2016-03-28 11:40:19,699] INFO Closing socket connection to /127.0.0.1. (kafka.network.Processor)
[2016-03-28 11:40:19,731] INFO [ReplicaFetcherManager on broker 0] Removed fetcher for partitions [Cary,0] (kafka.server.ReplicaFetcherManager)
[2016-03-28 11:40:19,731] INFO Closing socket connection to /127.0.0.1. (kafka.network.Processor)
[2016-03-28 11:40:19,731] INFO Completed load of log Cary-0 with log end offset 0 (kafka.log.Log)
[2016-03-28 11:40:19,746] INFO Created log for partition [Cary,0] in C:\CSC742Project\kafka\CSC742Projectkafkakafka-logs with properties {segment.index.bytes -> 10485760, file.delete.delay.ms -> 60000, segment.bytes -> 1073741824, flush.ms -> 9223372036854775807, delete.retention.ms -> 86400000, index.interval.bytes -> 4096, retention.bytes -> -1, min.insync.replicas -> 1, cleanup.policy -> delete, unclean.leader.election.enable -> true, segment.ms -> 604800000, max.message.bytes -> 1000012, flush.messages -> 9223372036854775807, min.cleanable.dirty.ratio -> 0.5, retention.ms -> 604800000, segment.jitter.ms -> 0}. (kafka.log.LogManager)
[2016-03-28 11:40:19,746] WARN Partition [Cary,0] on broker 0: No checkpointed highwatermark is found for partition [Cary,0] (kafka.cluster.Partition)
[2016-03-28 11:40:19,762] INFO [ReplicaFetcherManager on broker 0] Removed fetcher for partitions [NC,0] (kafka.server.ReplicaFetcherManager)
[2016-03-28 11:40:19,777] INFO Completed load of log NC-0 with log end offset 0 (kafka.log.Log)
[2016-03-28 11:40:19,777] INFO Created log for partition [NC,0] in C:\CSC742Project\kafka\CSC742Projectkafkakafka-logs with properties {segment.index.bytes -> 10485760, file.delete.delay.ms -> 60000, segment.bytes -> 1073741824, flush.ms -> 9223372036854775807, delete.retention.ms -> 86400000, index.interval.bytes -> 4096, retention.bytes -> -1, min.insync.replicas -> 1, cleanup.policy -> delete, unclean.leader.election.enable -> true, segment.ms -> 604800000, max.message.bytes -> 1000012, flush.messages -> 9223372036854775807, min.cleanable.dirty.ratio -> 0.5, retention.ms -> 604800000, segment.jitter.ms -> 0}. (kafka.log.LogManager)
[2016-03-28 11:40:19,793] WARN Partition [NC,0] on broker 0: No checkpointed highwatermark is found for partition [NC,0] (kafka.cluster.Partition)
[2016-03-28 11:40:19,840] INFO Closing socket connection to /127.0.0.1. (kafka.network.Processor)
[2016-03-28 11:40:19,855] INFO Closing socket connection to /10.150.42.80. (kafka.network.Processor)
[2016-03-28 11:40:36,017] INFO Closing socket connection to /10.150.42.80. (kafka.network.Processor)
[2016-03-28 11:40:44,316] INFO Closing socket connection to /10.150.42.80. (kafka.network.Processor)
[2016-03-28 11:44:45,963] INFO Closing socket connection to /10.150.42.80. (kafka.network.Processor)
[2016-03-28 11:45:00,270] INFO Closing socket connection to /10.150.42.80. (kafka.network.Processor)
[2016-03-28 11:45:04,126] INFO [Kafka Server 0], shutting down (kafka.server.KafkaServer)
[2016-03-28 11:45:04,128] INFO [Kafka Server 0], Starting controlled shutdown (kafka.server.KafkaServer)
[2016-03-28 11:45:04,155] INFO [Kafka Server 0], Controlled shutdown succeeded (kafka.server.KafkaServer)
[2016-03-28 11:45:04,157] INFO Closing socket connection to /10.150.42.80. (kafka.network.Processor)
[2016-03-28 11:45:04,159] INFO [Socket Server on Broker 0], Shutting down (kafka.network.SocketServer)
[2016-03-28 11:45:04,163] INFO [Socket Server on Broker 0], Shutdown completed (kafka.network.SocketServer)
[2016-03-28 11:45:04,166] INFO [Kafka Request Handler on Broker 0], shutting down (kafka.server.KafkaRequestHandlerPool)
[2016-03-28 11:45:04,169] INFO [Kafka Request Handler on Broker 0], shut down completely (kafka.server.KafkaRequestHandlerPool)
[2016-03-28 11:45:04,321] INFO [Replica Manager on Broker 0]: Shut down (kafka.server.ReplicaManager)
[2016-03-28 11:45:04,323] INFO [ReplicaFetcherManager on broker 0] shutting down (kafka.server.ReplicaFetcherManager)
[2016-03-28 11:45:04,325] INFO [ReplicaFetcherManager on broker 0] shutdown completed (kafka.server.ReplicaFetcherManager)
[2016-03-28 11:45:04,335] INFO [Replica Manager on Broker 0]: Shut down completely (kafka.server.ReplicaManager)
[2016-03-28 11:45:04,337] INFO Shutting down. (kafka.log.LogManager)
[2016-03-28 11:45:04,521] INFO Shutdown complete. (kafka.log.LogManager)
[2016-03-28 11:45:04,533] INFO [Kafka Server 0], shut down completed (kafka.server.KafkaServer)
[2016-03-29 14:15:42,207] INFO Verifying properties (kafka.utils.VerifiableProperties)
[2016-03-29 14:15:42,237] INFO Property broker.id is overridden to 0 (kafka.utils.VerifiableProperties)
[2016-03-29 14:15:42,238] INFO Property log.cleaner.enable is overridden to false (kafka.utils.VerifiableProperties)
[2016-03-29 14:15:42,238] INFO Property log.dirs is overridden to C:CSC742Projectkafkakafka-logs (kafka.utils.VerifiableProperties)
[2016-03-29 14:15:42,239] INFO Property log.retention.check.interval.ms is overridden to 300000 (kafka.utils.VerifiableProperties)
[2016-03-29 14:15:42,240] INFO Property log.retention.hours is overridden to 168 (kafka.utils.VerifiableProperties)
[2016-03-29 14:15:42,241] INFO Property log.segment.bytes is overridden to 1073741824 (kafka.utils.VerifiableProperties)
[2016-03-29 14:15:42,242] INFO Property num.io.threads is overridden to 8 (kafka.utils.VerifiableProperties)
[2016-03-29 14:15:42,242] INFO Property num.network.threads is overridden to 3 (kafka.utils.VerifiableProperties)
[2016-03-29 14:15:42,243] INFO Property num.partitions is overridden to 1 (kafka.utils.VerifiableProperties)
[2016-03-29 14:15:42,243] INFO Property num.recovery.threads.per.data.dir is overridden to 1 (kafka.utils.VerifiableProperties)
[2016-03-29 14:15:42,244] INFO Property port is overridden to 9092 (kafka.utils.VerifiableProperties)
[2016-03-29 14:15:42,245] INFO Property socket.receive.buffer.bytes is overridden to 102400 (kafka.utils.VerifiableProperties)
[2016-03-29 14:15:42,246] INFO Property socket.request.max.bytes is overridden to 104857600 (kafka.utils.VerifiableProperties)
[2016-03-29 14:15:42,246] INFO Property socket.send.buffer.bytes is overridden to 102400 (kafka.utils.VerifiableProperties)
[2016-03-29 14:15:42,247] INFO Property zookeeper.connect is overridden to localhost:2181 (kafka.utils.VerifiableProperties)
[2016-03-29 14:15:42,247] INFO Property zookeeper.connection.timeout.ms is overridden to 6000 (kafka.utils.VerifiableProperties)
[2016-03-29 14:15:42,281] INFO [Kafka Server 0], starting (kafka.server.KafkaServer)
[2016-03-29 14:15:42,284] INFO [Kafka Server 0], Connecting to zookeeper on localhost:2181 (kafka.server.KafkaServer)
[2016-03-29 14:15:42,478] INFO Loading logs. (kafka.log.LogManager)
[2016-03-29 14:15:42,515] WARN Error when freeing index buffer (kafka.log.OffsetIndex)
java.lang.NullPointerException
	at kafka.log.OffsetIndex.kafka$log$OffsetIndex$$forceUnmap(OffsetIndex.scala:301)
	at kafka.log.OffsetIndex$$anonfun$resize$1.apply(OffsetIndex.scala:283)
	at kafka.log.OffsetIndex$$anonfun$resize$1.apply(OffsetIndex.scala:276)
	at kafka.utils.Utils$.inLock(Utils.scala:535)
	at kafka.log.OffsetIndex.resize(OffsetIndex.scala:276)
	at kafka.log.Log.loadSegments(Log.scala:179)
	at kafka.log.Log.<init>(Log.scala:67)
	at kafka.log.LogManager$$anonfun$loadLogs$2$$anonfun$3$$anonfun$apply$7$$anonfun$apply$1.apply$mcV$sp(LogManager.scala:142)
	at kafka.utils.Utils$$anon$1.run(Utils.scala:54)
	at java.util.concurrent.Executors$RunnableAdapter.call(Executors.java:471)
	at java.util.concurrent.FutureTask.run(FutureTask.java:262)
	at java.util.concurrent.ThreadPoolExecutor.runWorker(ThreadPoolExecutor.java:1145)
	at java.util.concurrent.ThreadPoolExecutor$Worker.run(ThreadPoolExecutor.java:615)
	at java.lang.Thread.run(Thread.java:745)
[2016-03-29 14:15:42,525] INFO Completed load of log Cary-0 with log end offset 1 (kafka.log.Log)
[2016-03-29 14:15:42,534] WARN Error when freeing index buffer (kafka.log.OffsetIndex)
java.lang.NullPointerException
	at kafka.log.OffsetIndex.kafka$log$OffsetIndex$$forceUnmap(OffsetIndex.scala:301)
	at kafka.log.OffsetIndex$$anonfun$resize$1.apply(OffsetIndex.scala:283)
	at kafka.log.OffsetIndex$$anonfun$resize$1.apply(OffsetIndex.scala:276)
	at kafka.utils.Utils$.inLock(Utils.scala:535)
	at kafka.log.OffsetIndex.resize(OffsetIndex.scala:276)
	at kafka.log.Log.loadSegments(Log.scala:179)
	at kafka.log.Log.<init>(Log.scala:67)
	at kafka.log.LogManager$$anonfun$loadLogs$2$$anonfun$3$$anonfun$apply$7$$anonfun$apply$1.apply$mcV$sp(LogManager.scala:142)
	at kafka.utils.Utils$$anon$1.run(Utils.scala:54)
	at java.util.concurrent.Executors$RunnableAdapter.call(Executors.java:471)
	at java.util.concurrent.FutureTask.run(FutureTask.java:262)
	at java.util.concurrent.ThreadPoolExecutor.runWorker(ThreadPoolExecutor.java:1145)
	at java.util.concurrent.ThreadPoolExecutor$Worker.run(ThreadPoolExecutor.java:615)
	at java.lang.Thread.run(Thread.java:745)
[2016-03-29 14:15:42,540] INFO Completed load of log NC-0 with log end offset 1 (kafka.log.Log)
[2016-03-29 14:15:42,547] WARN Error when freeing index buffer (kafka.log.OffsetIndex)
java.lang.NullPointerException
	at kafka.log.OffsetIndex.kafka$log$OffsetIndex$$forceUnmap(OffsetIndex.scala:301)
	at kafka.log.OffsetIndex$$anonfun$resize$1.apply(OffsetIndex.scala:283)
	at kafka.log.OffsetIndex$$anonfun$resize$1.apply(OffsetIndex.scala:276)
	at kafka.utils.Utils$.inLock(Utils.scala:535)
	at kafka.log.OffsetIndex.resize(OffsetIndex.scala:276)
	at kafka.log.Log.loadSegments(Log.scala:179)
	at kafka.log.Log.<init>(Log.scala:67)
	at kafka.log.LogManager$$anonfun$loadLogs$2$$anonfun$3$$anonfun$apply$7$$anonfun$apply$1.apply$mcV$sp(LogManager.scala:142)
	at kafka.utils.Utils$$anon$1.run(Utils.scala:54)
	at java.util.concurrent.Executors$RunnableAdapter.call(Executors.java:471)
	at java.util.concurrent.FutureTask.run(FutureTask.java:262)
	at java.util.concurrent.ThreadPoolExecutor.runWorker(ThreadPoolExecutor.java:1145)
	at java.util.concurrent.ThreadPoolExecutor$Worker.run(ThreadPoolExecutor.java:615)
	at java.lang.Thread.run(Thread.java:745)
[2016-03-29 14:15:42,553] INFO Completed load of log test-0 with log end offset 5 (kafka.log.Log)
[2016-03-29 14:15:42,556] INFO Logs loading complete. (kafka.log.LogManager)
[2016-03-29 14:15:42,557] INFO Starting log cleanup with a period of 300000 ms. (kafka.log.LogManager)
[2016-03-29 14:15:42,560] INFO Starting log flusher with a default period of 9223372036854775807 ms. (kafka.log.LogManager)
[2016-03-29 14:15:42,580] INFO Awaiting socket connections on 0.0.0.0:9092. (kafka.network.Acceptor)
[2016-03-29 14:15:42,581] INFO [Socket Server on Broker 0], Started (kafka.network.SocketServer)
[2016-03-29 14:15:42,629] INFO Will not load MX4J, mx4j-tools.jar is not in the classpath (kafka.utils.Mx4jLoader$)
[2016-03-29 14:15:42,652] INFO 0 successfully elected as leader (kafka.server.ZookeeperLeaderElector)
[2016-03-29 14:15:42,822] INFO New leader is 0 (kafka.server.ZookeeperLeaderElector$LeaderChangeListener)
[2016-03-29 14:15:42,826] INFO Registered broker 0 at path /brokers/ids/0 with address DABALL2-YP0RH.cisco.com:9092. (kafka.utils.ZkUtils$)
[2016-03-29 14:15:42,833] INFO [Kafka Server 0], started (kafka.server.KafkaServer)
[2016-03-29 14:15:42,938] INFO [ReplicaFetcherManager on broker 0] Removed fetcher for partitions [Cary,0],[test,0],[NC,0] (kafka.server.ReplicaFetcherManager)
[2016-03-29 14:15:42,969] INFO [ReplicaFetcherManager on broker 0] Removed fetcher for partitions [Cary,0],[test,0],[NC,0] (kafka.server.ReplicaFetcherManager)
[2016-03-29 14:15:53,555] INFO Closing socket connection to /10.139.61.219. (kafka.network.Processor)
[2016-03-29 14:16:17,626] INFO Closing socket connection to /127.0.0.1. (kafka.network.Processor)
[2016-03-29 14:16:18,661] INFO Closing socket connection to /127.0.0.1. (kafka.network.Processor)
[2016-03-29 14:16:18,661] INFO Closing socket connection to /10.139.61.219. (kafka.network.Processor)
[2016-03-29 14:16:25,789] INFO Closing socket connection to /10.139.61.219. (kafka.network.Processor)
[2016-03-29 14:16:36,434] INFO Closing socket connection to /10.139.61.219. (kafka.network.Processor)
