[2016-04-24 16:07:56,495] DEBUG preRegister called. Server=com.sun.jmx.mbeanserver.JmxMBeanServer@6d9b4e60, name=log4j:logger=state.change.logger (state.change.logger)
[2016-04-24 16:08:17,056] TRACE Controller 0 epoch 16 started leader election for partition [Cary,0] (state.change.logger)
[2016-04-24 16:08:17,070] ERROR Controller 0 epoch 16 initiated state change for partition [Cary,0] from OfflinePartition to OnlinePartition failed (state.change.logger)
kafka.common.NoReplicaOnlineException: No replica for partition [Cary,0] is alive. Live brokers are: [Set()], Assigned replicas are: [List(0)]
	at kafka.controller.OfflinePartitionLeaderSelector.selectLeader(PartitionLeaderSelector.scala:75)
	at kafka.controller.PartitionStateMachine.electLeaderForPartition(PartitionStateMachine.scala:357)
	at kafka.controller.PartitionStateMachine.kafka$controller$PartitionStateMachine$$handleStateChange(PartitionStateMachine.scala:206)
	at kafka.controller.PartitionStateMachine$$anonfun$triggerOnlinePartitionStateChange$3.apply(PartitionStateMachine.scala:120)
	at kafka.controller.PartitionStateMachine$$anonfun$triggerOnlinePartitionStateChange$3.apply(PartitionStateMachine.scala:117)
	at scala.collection.TraversableLike$WithFilter$$anonfun$foreach$1.apply(TraversableLike.scala:772)
	at scala.collection.mutable.HashMap$$anonfun$foreach$1.apply(HashMap.scala:98)
	at scala.collection.mutable.HashMap$$anonfun$foreach$1.apply(HashMap.scala:98)
	at scala.collection.mutable.HashTable$class.foreachEntry(HashTable.scala:226)
	at scala.collection.mutable.HashMap.foreachEntry(HashMap.scala:39)
	at scala.collection.mutable.HashMap.foreach(HashMap.scala:98)
	at scala.collection.TraversableLike$WithFilter.foreach(TraversableLike.scala:771)
	at kafka.controller.PartitionStateMachine.triggerOnlinePartitionStateChange(PartitionStateMachine.scala:117)
	at kafka.controller.PartitionStateMachine.startup(PartitionStateMachine.scala:70)
	at kafka.controller.KafkaController.onControllerFailover(KafkaController.scala:314)
	at kafka.controller.KafkaController$$anonfun$1.apply$mcV$sp(KafkaController.scala:161)
	at kafka.server.ZookeeperLeaderElector.elect(ZookeeperLeaderElector.scala:81)
	at kafka.server.ZookeeperLeaderElector$$anonfun$startup$1.apply$mcZ$sp(ZookeeperLeaderElector.scala:49)
	at kafka.server.ZookeeperLeaderElector$$anonfun$startup$1.apply(ZookeeperLeaderElector.scala:47)
	at kafka.server.ZookeeperLeaderElector$$anonfun$startup$1.apply(ZookeeperLeaderElector.scala:47)
	at kafka.utils.Utils$.inLock(Utils.scala:535)
	at kafka.server.ZookeeperLeaderElector.startup(ZookeeperLeaderElector.scala:47)
	at kafka.controller.KafkaController$$anonfun$startup$1.apply$mcV$sp(KafkaController.scala:650)
	at kafka.controller.KafkaController$$anonfun$startup$1.apply(KafkaController.scala:646)
	at kafka.controller.KafkaController$$anonfun$startup$1.apply(KafkaController.scala:646)
	at kafka.utils.Utils$.inLock(Utils.scala:535)
	at kafka.controller.KafkaController.startup(KafkaController.scala:646)
	at kafka.server.KafkaServer.startup(KafkaServer.scala:117)
	at kafka.server.KafkaServerStartable.startup(KafkaServerStartable.scala:29)
	at kafka.Kafka$.main(Kafka.scala:46)
	at kafka.Kafka.main(Kafka.scala)
[2016-04-24 16:08:17,071] TRACE Controller 0 epoch 16 started leader election for partition [NC,0] (state.change.logger)
[2016-04-24 16:08:17,081] ERROR Controller 0 epoch 16 initiated state change for partition [NC,0] from OfflinePartition to OnlinePartition failed (state.change.logger)
kafka.common.NoReplicaOnlineException: No replica for partition [NC,0] is alive. Live brokers are: [Set()], Assigned replicas are: [List(0)]
	at kafka.controller.OfflinePartitionLeaderSelector.selectLeader(PartitionLeaderSelector.scala:75)
	at kafka.controller.PartitionStateMachine.electLeaderForPartition(PartitionStateMachine.scala:357)
	at kafka.controller.PartitionStateMachine.kafka$controller$PartitionStateMachine$$handleStateChange(PartitionStateMachine.scala:206)
	at kafka.controller.PartitionStateMachine$$anonfun$triggerOnlinePartitionStateChange$3.apply(PartitionStateMachine.scala:120)
	at kafka.controller.PartitionStateMachine$$anonfun$triggerOnlinePartitionStateChange$3.apply(PartitionStateMachine.scala:117)
	at scala.collection.TraversableLike$WithFilter$$anonfun$foreach$1.apply(TraversableLike.scala:772)
	at scala.collection.mutable.HashMap$$anonfun$foreach$1.apply(HashMap.scala:98)
	at scala.collection.mutable.HashMap$$anonfun$foreach$1.apply(HashMap.scala:98)
	at scala.collection.mutable.HashTable$class.foreachEntry(HashTable.scala:226)
	at scala.collection.mutable.HashMap.foreachEntry(HashMap.scala:39)
	at scala.collection.mutable.HashMap.foreach(HashMap.scala:98)
	at scala.collection.TraversableLike$WithFilter.foreach(TraversableLike.scala:771)
	at kafka.controller.PartitionStateMachine.triggerOnlinePartitionStateChange(PartitionStateMachine.scala:117)
	at kafka.controller.PartitionStateMachine.startup(PartitionStateMachine.scala:70)
	at kafka.controller.KafkaController.onControllerFailover(KafkaController.scala:314)
	at kafka.controller.KafkaController$$anonfun$1.apply$mcV$sp(KafkaController.scala:161)
	at kafka.server.ZookeeperLeaderElector.elect(ZookeeperLeaderElector.scala:81)
	at kafka.server.ZookeeperLeaderElector$$anonfun$startup$1.apply$mcZ$sp(ZookeeperLeaderElector.scala:49)
	at kafka.server.ZookeeperLeaderElector$$anonfun$startup$1.apply(ZookeeperLeaderElector.scala:47)
	at kafka.server.ZookeeperLeaderElector$$anonfun$startup$1.apply(ZookeeperLeaderElector.scala:47)
	at kafka.utils.Utils$.inLock(Utils.scala:535)
	at kafka.server.ZookeeperLeaderElector.startup(ZookeeperLeaderElector.scala:47)
	at kafka.controller.KafkaController$$anonfun$startup$1.apply$mcV$sp(KafkaController.scala:650)
	at kafka.controller.KafkaController$$anonfun$startup$1.apply(KafkaController.scala:646)
	at kafka.controller.KafkaController$$anonfun$startup$1.apply(KafkaController.scala:646)
	at kafka.utils.Utils$.inLock(Utils.scala:535)
	at kafka.controller.KafkaController.startup(KafkaController.scala:646)
	at kafka.server.KafkaServer.startup(KafkaServer.scala:117)
	at kafka.server.KafkaServerStartable.startup(KafkaServerStartable.scala:29)
	at kafka.Kafka$.main(Kafka.scala:46)
	at kafka.Kafka.main(Kafka.scala)
[2016-04-24 16:08:17,082] TRACE Controller 0 epoch 16 started leader election for partition [USA,0] (state.change.logger)
[2016-04-24 16:08:17,094] ERROR Controller 0 epoch 16 initiated state change for partition [USA,0] from OfflinePartition to OnlinePartition failed (state.change.logger)
kafka.common.NoReplicaOnlineException: No replica for partition [USA,0] is alive. Live brokers are: [Set()], Assigned replicas are: [List(0)]
	at kafka.controller.OfflinePartitionLeaderSelector.selectLeader(PartitionLeaderSelector.scala:75)
	at kafka.controller.PartitionStateMachine.electLeaderForPartition(PartitionStateMachine.scala:357)
	at kafka.controller.PartitionStateMachine.kafka$controller$PartitionStateMachine$$handleStateChange(PartitionStateMachine.scala:206)
	at kafka.controller.PartitionStateMachine$$anonfun$triggerOnlinePartitionStateChange$3.apply(PartitionStateMachine.scala:120)
	at kafka.controller.PartitionStateMachine$$anonfun$triggerOnlinePartitionStateChange$3.apply(PartitionStateMachine.scala:117)
	at scala.collection.TraversableLike$WithFilter$$anonfun$foreach$1.apply(TraversableLike.scala:772)
	at scala.collection.mutable.HashMap$$anonfun$foreach$1.apply(HashMap.scala:98)
	at scala.collection.mutable.HashMap$$anonfun$foreach$1.apply(HashMap.scala:98)
	at scala.collection.mutable.HashTable$class.foreachEntry(HashTable.scala:226)
	at scala.collection.mutable.HashMap.foreachEntry(HashMap.scala:39)
	at scala.collection.mutable.HashMap.foreach(HashMap.scala:98)
	at scala.collection.TraversableLike$WithFilter.foreach(TraversableLike.scala:771)
	at kafka.controller.PartitionStateMachine.triggerOnlinePartitionStateChange(PartitionStateMachine.scala:117)
	at kafka.controller.PartitionStateMachine.startup(PartitionStateMachine.scala:70)
	at kafka.controller.KafkaController.onControllerFailover(KafkaController.scala:314)
	at kafka.controller.KafkaController$$anonfun$1.apply$mcV$sp(KafkaController.scala:161)
	at kafka.server.ZookeeperLeaderElector.elect(ZookeeperLeaderElector.scala:81)
	at kafka.server.ZookeeperLeaderElector$$anonfun$startup$1.apply$mcZ$sp(ZookeeperLeaderElector.scala:49)
	at kafka.server.ZookeeperLeaderElector$$anonfun$startup$1.apply(ZookeeperLeaderElector.scala:47)
	at kafka.server.ZookeeperLeaderElector$$anonfun$startup$1.apply(ZookeeperLeaderElector.scala:47)
	at kafka.utils.Utils$.inLock(Utils.scala:535)
	at kafka.server.ZookeeperLeaderElector.startup(ZookeeperLeaderElector.scala:47)
	at kafka.controller.KafkaController$$anonfun$startup$1.apply$mcV$sp(KafkaController.scala:650)
	at kafka.controller.KafkaController$$anonfun$startup$1.apply(KafkaController.scala:646)
	at kafka.controller.KafkaController$$anonfun$startup$1.apply(KafkaController.scala:646)
	at kafka.utils.Utils$.inLock(Utils.scala:535)
	at kafka.controller.KafkaController.startup(KafkaController.scala:646)
	at kafka.server.KafkaServer.startup(KafkaServer.scala:117)
	at kafka.server.KafkaServerStartable.startup(KafkaServerStartable.scala:29)
	at kafka.Kafka$.main(Kafka.scala:46)
	at kafka.Kafka.main(Kafka.scala)
[2016-04-24 16:08:17,095] TRACE Controller 0 epoch 16 started leader election for partition [test,0] (state.change.logger)
[2016-04-24 16:08:17,105] ERROR Controller 0 epoch 16 initiated state change for partition [test,0] from OfflinePartition to OnlinePartition failed (state.change.logger)
kafka.common.NoReplicaOnlineException: No replica for partition [test,0] is alive. Live brokers are: [Set()], Assigned replicas are: [List(0)]
	at kafka.controller.OfflinePartitionLeaderSelector.selectLeader(PartitionLeaderSelector.scala:75)
	at kafka.controller.PartitionStateMachine.electLeaderForPartition(PartitionStateMachine.scala:357)
	at kafka.controller.PartitionStateMachine.kafka$controller$PartitionStateMachine$$handleStateChange(PartitionStateMachine.scala:206)
	at kafka.controller.PartitionStateMachine$$anonfun$triggerOnlinePartitionStateChange$3.apply(PartitionStateMachine.scala:120)
	at kafka.controller.PartitionStateMachine$$anonfun$triggerOnlinePartitionStateChange$3.apply(PartitionStateMachine.scala:117)
	at scala.collection.TraversableLike$WithFilter$$anonfun$foreach$1.apply(TraversableLike.scala:772)
	at scala.collection.mutable.HashMap$$anonfun$foreach$1.apply(HashMap.scala:98)
	at scala.collection.mutable.HashMap$$anonfun$foreach$1.apply(HashMap.scala:98)
	at scala.collection.mutable.HashTable$class.foreachEntry(HashTable.scala:226)
	at scala.collection.mutable.HashMap.foreachEntry(HashMap.scala:39)
	at scala.collection.mutable.HashMap.foreach(HashMap.scala:98)
	at scala.collection.TraversableLike$WithFilter.foreach(TraversableLike.scala:771)
	at kafka.controller.PartitionStateMachine.triggerOnlinePartitionStateChange(PartitionStateMachine.scala:117)
	at kafka.controller.PartitionStateMachine.startup(PartitionStateMachine.scala:70)
	at kafka.controller.KafkaController.onControllerFailover(KafkaController.scala:314)
	at kafka.controller.KafkaController$$anonfun$1.apply$mcV$sp(KafkaController.scala:161)
	at kafka.server.ZookeeperLeaderElector.elect(ZookeeperLeaderElector.scala:81)
	at kafka.server.ZookeeperLeaderElector$$anonfun$startup$1.apply$mcZ$sp(ZookeeperLeaderElector.scala:49)
	at kafka.server.ZookeeperLeaderElector$$anonfun$startup$1.apply(ZookeeperLeaderElector.scala:47)
	at kafka.server.ZookeeperLeaderElector$$anonfun$startup$1.apply(ZookeeperLeaderElector.scala:47)
	at kafka.utils.Utils$.inLock(Utils.scala:535)
	at kafka.server.ZookeeperLeaderElector.startup(ZookeeperLeaderElector.scala:47)
	at kafka.controller.KafkaController$$anonfun$startup$1.apply$mcV$sp(KafkaController.scala:650)
	at kafka.controller.KafkaController$$anonfun$startup$1.apply(KafkaController.scala:646)
	at kafka.controller.KafkaController$$anonfun$startup$1.apply(KafkaController.scala:646)
	at kafka.utils.Utils$.inLock(Utils.scala:535)
	at kafka.controller.KafkaController.startup(KafkaController.scala:646)
	at kafka.server.KafkaServer.startup(KafkaServer.scala:117)
	at kafka.server.KafkaServerStartable.startup(KafkaServerStartable.scala:29)
	at kafka.Kafka$.main(Kafka.scala:46)
	at kafka.Kafka.main(Kafka.scala)
[2016-04-24 16:08:21,916] TRACE Controller 0 epoch 16 sending UpdateMetadata request (Leader:0,ISR:0,LeaderEpoch:14,ControllerEpoch:15) with correlationId 3 to broker 0 for partition [Cary,0] (state.change.logger)
[2016-04-24 16:08:21,917] TRACE Controller 0 epoch 16 sending UpdateMetadata request (Leader:0,ISR:0,LeaderEpoch:14,ControllerEpoch:15) with correlationId 3 to broker 0 for partition [NC,0] (state.change.logger)
[2016-04-24 16:08:21,918] TRACE Controller 0 epoch 16 sending UpdateMetadata request (Leader:0,ISR:0,LeaderEpoch:8,ControllerEpoch:15) with correlationId 3 to broker 0 for partition [USA,0] (state.change.logger)
[2016-04-24 16:08:21,918] TRACE Controller 0 epoch 16 sending UpdateMetadata request (Leader:0,ISR:0,LeaderEpoch:14,ControllerEpoch:15) with correlationId 3 to broker 0 for partition [test,0] (state.change.logger)
[2016-04-24 16:08:21,960] TRACE Controller 0 epoch 16 changed state of replica 0 for partition [Cary,0] from ReplicaDeletionIneligible to OnlineReplica (state.change.logger)
[2016-04-24 16:08:21,961] TRACE Controller 0 epoch 16 changed state of replica 0 for partition [NC,0] from ReplicaDeletionIneligible to OnlineReplica (state.change.logger)
[2016-04-24 16:08:21,962] TRACE Controller 0 epoch 16 changed state of replica 0 for partition [USA,0] from ReplicaDeletionIneligible to OnlineReplica (state.change.logger)
[2016-04-24 16:08:21,963] TRACE Controller 0 epoch 16 changed state of replica 0 for partition [test,0] from ReplicaDeletionIneligible to OnlineReplica (state.change.logger)
[2016-04-24 16:08:21,971] TRACE Controller 0 epoch 16 sending become-leader LeaderAndIsr request (Leader:0,ISR:0,LeaderEpoch:14,ControllerEpoch:15) with correlationId 4 to broker 0 for partition [NC,0] (state.change.logger)
[2016-04-24 16:08:21,972] TRACE Controller 0 epoch 16 sending become-leader LeaderAndIsr request (Leader:0,ISR:0,LeaderEpoch:14,ControllerEpoch:15) with correlationId 4 to broker 0 for partition [Cary,0] (state.change.logger)
[2016-04-24 16:08:21,972] TRACE Controller 0 epoch 16 sending become-leader LeaderAndIsr request (Leader:0,ISR:0,LeaderEpoch:8,ControllerEpoch:15) with correlationId 4 to broker 0 for partition [USA,0] (state.change.logger)
[2016-04-24 16:08:21,973] TRACE Controller 0 epoch 16 sending become-leader LeaderAndIsr request (Leader:0,ISR:0,LeaderEpoch:14,ControllerEpoch:15) with correlationId 4 to broker 0 for partition [test,0] (state.change.logger)
[2016-04-24 16:08:21,974] TRACE Controller 0 epoch 16 sending UpdateMetadata request (Leader:0,ISR:0,LeaderEpoch:14,ControllerEpoch:15) with correlationId 4 to broker 0 for partition [NC,0] (state.change.logger)
[2016-04-24 16:08:21,974] TRACE Controller 0 epoch 16 sending UpdateMetadata request (Leader:0,ISR:0,LeaderEpoch:14,ControllerEpoch:15) with correlationId 4 to broker 0 for partition [Cary,0] (state.change.logger)
[2016-04-24 16:08:21,975] TRACE Controller 0 epoch 16 sending UpdateMetadata request (Leader:0,ISR:0,LeaderEpoch:8,ControllerEpoch:15) with correlationId 4 to broker 0 for partition [USA,0] (state.change.logger)
[2016-04-24 16:08:21,976] TRACE Controller 0 epoch 16 sending UpdateMetadata request (Leader:0,ISR:0,LeaderEpoch:14,ControllerEpoch:15) with correlationId 4 to broker 0 for partition [test,0] (state.change.logger)
[2016-04-24 16:08:21,977] TRACE Controller 0 epoch 16 started leader election for partition [Cary,0] (state.change.logger)
[2016-04-24 16:08:21,990] TRACE Broker 0 cached leader info (LeaderAndIsrInfo:(Leader:0,ISR:0,LeaderEpoch:14,ControllerEpoch:15),ReplicationFactor:1),AllReplicas:0) for partition [NC,0] in response to UpdateMetadata request sent by controller 0 epoch 16 with correlation id 3 (state.change.logger)
[2016-04-24 16:08:21,991] TRACE Broker 0 cached leader info (LeaderAndIsrInfo:(Leader:0,ISR:0,LeaderEpoch:14,ControllerEpoch:15),ReplicationFactor:1),AllReplicas:0) for partition [Cary,0] in response to UpdateMetadata request sent by controller 0 epoch 16 with correlation id 3 (state.change.logger)
[2016-04-24 16:08:21,992] TRACE Broker 0 cached leader info (LeaderAndIsrInfo:(Leader:0,ISR:0,LeaderEpoch:8,ControllerEpoch:15),ReplicationFactor:1),AllReplicas:0) for partition [USA,0] in response to UpdateMetadata request sent by controller 0 epoch 16 with correlation id 3 (state.change.logger)
[2016-04-24 16:08:21,993] TRACE Broker 0 cached leader info (LeaderAndIsrInfo:(Leader:0,ISR:0,LeaderEpoch:14,ControllerEpoch:15),ReplicationFactor:1),AllReplicas:0) for partition [test,0] in response to UpdateMetadata request sent by controller 0 epoch 16 with correlation id 3 (state.change.logger)
[2016-04-24 16:08:22,015] TRACE Controller 0 epoch 16 received response UpdateMetadataResponse(3,0) for a request sent to broker id:0,host:Isha-PC,port:9092 (state.change.logger)
[2016-04-24 16:08:22,026] TRACE Controller 0 epoch 16 elected leader 0 for Offline partition [Cary,0] (state.change.logger)
[2016-04-24 16:08:22,030] TRACE Controller 0 epoch 16 changed partition [Cary,0] from OfflinePartition to OnlinePartition with leader 0 (state.change.logger)
[2016-04-24 16:08:22,031] TRACE Controller 0 epoch 16 started leader election for partition [NC,0] (state.change.logger)
[2016-04-24 16:08:22,054] TRACE Controller 0 epoch 16 elected leader 0 for Offline partition [NC,0] (state.change.logger)
[2016-04-24 16:08:22,055] TRACE Controller 0 epoch 16 changed partition [NC,0] from OfflinePartition to OnlinePartition with leader 0 (state.change.logger)
[2016-04-24 16:08:22,055] TRACE Controller 0 epoch 16 started leader election for partition [USA,0] (state.change.logger)
[2016-04-24 16:08:22,075] TRACE Broker 0 received LeaderAndIsr request (LeaderAndIsrInfo:(Leader:0,ISR:0,LeaderEpoch:14,ControllerEpoch:15),ReplicationFactor:1),AllReplicas:0) correlation id 4 from controller 0 epoch 16 for partition [Cary,0] (state.change.logger)
[2016-04-24 16:08:22,075] TRACE Broker 0 received LeaderAndIsr request (LeaderAndIsrInfo:(Leader:0,ISR:0,LeaderEpoch:14,ControllerEpoch:15),ReplicationFactor:1),AllReplicas:0) correlation id 4 from controller 0 epoch 16 for partition [NC,0] (state.change.logger)
[2016-04-24 16:08:22,076] TRACE Broker 0 received LeaderAndIsr request (LeaderAndIsrInfo:(Leader:0,ISR:0,LeaderEpoch:8,ControllerEpoch:15),ReplicationFactor:1),AllReplicas:0) correlation id 4 from controller 0 epoch 16 for partition [USA,0] (state.change.logger)
[2016-04-24 16:08:22,076] TRACE Broker 0 received LeaderAndIsr request (LeaderAndIsrInfo:(Leader:0,ISR:0,LeaderEpoch:14,ControllerEpoch:15),ReplicationFactor:1),AllReplicas:0) correlation id 4 from controller 0 epoch 16 for partition [test,0] (state.change.logger)
[2016-04-24 16:08:22,078] TRACE Controller 0 epoch 16 elected leader 0 for Offline partition [USA,0] (state.change.logger)
[2016-04-24 16:08:22,080] TRACE Controller 0 epoch 16 changed partition [USA,0] from OfflinePartition to OnlinePartition with leader 0 (state.change.logger)
[2016-04-24 16:08:22,080] TRACE Controller 0 epoch 16 started leader election for partition [test,0] (state.change.logger)
[2016-04-24 16:08:22,087] TRACE Broker 0 handling LeaderAndIsr request correlationId 4 from controller 0 epoch 16 starting the become-leader transition for partition [Cary,0] (state.change.logger)
[2016-04-24 16:08:22,087] TRACE Broker 0 handling LeaderAndIsr request correlationId 4 from controller 0 epoch 16 starting the become-leader transition for partition [test,0] (state.change.logger)
[2016-04-24 16:08:22,087] TRACE Broker 0 handling LeaderAndIsr request correlationId 4 from controller 0 epoch 16 starting the become-leader transition for partition [USA,0] (state.change.logger)
[2016-04-24 16:08:22,088] TRACE Broker 0 handling LeaderAndIsr request correlationId 4 from controller 0 epoch 16 starting the become-leader transition for partition [NC,0] (state.change.logger)
[2016-04-24 16:08:22,093] TRACE Broker 0 stopped fetchers as part of become-leader request from controller 0 epoch 16 with correlation id 4 for partition [Cary,0] (state.change.logger)
[2016-04-24 16:08:22,093] TRACE Broker 0 stopped fetchers as part of become-leader request from controller 0 epoch 16 with correlation id 4 for partition [test,0] (state.change.logger)
[2016-04-24 16:08:22,094] TRACE Broker 0 stopped fetchers as part of become-leader request from controller 0 epoch 16 with correlation id 4 for partition [USA,0] (state.change.logger)
[2016-04-24 16:08:22,094] TRACE Broker 0 stopped fetchers as part of become-leader request from controller 0 epoch 16 with correlation id 4 for partition [NC,0] (state.change.logger)
[2016-04-24 16:08:22,112] TRACE Controller 0 epoch 16 elected leader 0 for Offline partition [test,0] (state.change.logger)
[2016-04-24 16:08:22,113] TRACE Controller 0 epoch 16 changed partition [test,0] from OfflinePartition to OnlinePartition with leader 0 (state.change.logger)
[2016-04-24 16:08:22,113] TRACE Controller 0 epoch 16 sending become-leader LeaderAndIsr request (Leader:0,ISR:0,LeaderEpoch:15,ControllerEpoch:16) with correlationId 5 to broker 0 for partition [NC,0] (state.change.logger)
[2016-04-24 16:08:22,113] TRACE Controller 0 epoch 16 sending become-leader LeaderAndIsr request (Leader:0,ISR:0,LeaderEpoch:15,ControllerEpoch:16) with correlationId 5 to broker 0 for partition [Cary,0] (state.change.logger)
[2016-04-24 16:08:22,114] TRACE Controller 0 epoch 16 sending become-leader LeaderAndIsr request (Leader:0,ISR:0,LeaderEpoch:9,ControllerEpoch:16) with correlationId 5 to broker 0 for partition [USA,0] (state.change.logger)
[2016-04-24 16:08:22,114] TRACE Controller 0 epoch 16 sending become-leader LeaderAndIsr request (Leader:0,ISR:0,LeaderEpoch:15,ControllerEpoch:16) with correlationId 5 to broker 0 for partition [test,0] (state.change.logger)
[2016-04-24 16:08:22,114] TRACE Controller 0 epoch 16 sending UpdateMetadata request (Leader:0,ISR:0,LeaderEpoch:15,ControllerEpoch:16) with correlationId 5 to broker 0 for partition [NC,0] (state.change.logger)
[2016-04-24 16:08:22,114] TRACE Controller 0 epoch 16 sending UpdateMetadata request (Leader:0,ISR:0,LeaderEpoch:15,ControllerEpoch:16) with correlationId 5 to broker 0 for partition [Cary,0] (state.change.logger)
[2016-04-24 16:08:22,115] TRACE Controller 0 epoch 16 sending UpdateMetadata request (Leader:0,ISR:0,LeaderEpoch:9,ControllerEpoch:16) with correlationId 5 to broker 0 for partition [USA,0] (state.change.logger)
[2016-04-24 16:08:22,115] TRACE Controller 0 epoch 16 sending UpdateMetadata request (Leader:0,ISR:0,LeaderEpoch:15,ControllerEpoch:16) with correlationId 5 to broker 0 for partition [test,0] (state.change.logger)
[2016-04-24 16:08:22,138] TRACE Broker 0 completed LeaderAndIsr request correlationId 4 from controller 0 epoch 16 for the become-leader transition for partition [Cary,0] (state.change.logger)
[2016-04-24 16:08:22,138] TRACE Broker 0 completed LeaderAndIsr request correlationId 4 from controller 0 epoch 16 for the become-leader transition for partition [test,0] (state.change.logger)
[2016-04-24 16:08:22,138] TRACE Broker 0 completed LeaderAndIsr request correlationId 4 from controller 0 epoch 16 for the become-leader transition for partition [USA,0] (state.change.logger)
[2016-04-24 16:08:22,139] TRACE Broker 0 completed LeaderAndIsr request correlationId 4 from controller 0 epoch 16 for the become-leader transition for partition [NC,0] (state.change.logger)
[2016-04-24 16:08:22,145] TRACE Controller 0 epoch 16 received response LeaderAndIsrResponse(4,Map((Cary,0) -> 0, (NC,0) -> 0, (USA,0) -> 0, (test,0) -> 0),0) for a request sent to broker id:0,host:Isha-PC,port:9092 (state.change.logger)
[2016-04-24 16:08:22,146] TRACE Broker 0 cached leader info (LeaderAndIsrInfo:(Leader:0,ISR:0,LeaderEpoch:14,ControllerEpoch:15),ReplicationFactor:1),AllReplicas:0) for partition [Cary,0] in response to UpdateMetadata request sent by controller 0 epoch 16 with correlation id 4 (state.change.logger)
[2016-04-24 16:08:22,146] TRACE Broker 0 cached leader info (LeaderAndIsrInfo:(Leader:0,ISR:0,LeaderEpoch:14,ControllerEpoch:15),ReplicationFactor:1),AllReplicas:0) for partition [NC,0] in response to UpdateMetadata request sent by controller 0 epoch 16 with correlation id 4 (state.change.logger)
[2016-04-24 16:08:22,147] TRACE Broker 0 cached leader info (LeaderAndIsrInfo:(Leader:0,ISR:0,LeaderEpoch:8,ControllerEpoch:15),ReplicationFactor:1),AllReplicas:0) for partition [USA,0] in response to UpdateMetadata request sent by controller 0 epoch 16 with correlation id 4 (state.change.logger)
[2016-04-24 16:08:22,147] TRACE Broker 0 cached leader info (LeaderAndIsrInfo:(Leader:0,ISR:0,LeaderEpoch:14,ControllerEpoch:15),ReplicationFactor:1),AllReplicas:0) for partition [test,0] in response to UpdateMetadata request sent by controller 0 epoch 16 with correlation id 4 (state.change.logger)
[2016-04-24 16:08:22,148] TRACE Controller 0 epoch 16 received response UpdateMetadataResponse(4,0) for a request sent to broker id:0,host:Isha-PC,port:9092 (state.change.logger)
[2016-04-24 16:08:22,149] TRACE Broker 0 received LeaderAndIsr request (LeaderAndIsrInfo:(Leader:0,ISR:0,LeaderEpoch:15,ControllerEpoch:16),ReplicationFactor:1),AllReplicas:0) correlation id 5 from controller 0 epoch 16 for partition [Cary,0] (state.change.logger)
[2016-04-24 16:08:22,149] TRACE Broker 0 received LeaderAndIsr request (LeaderAndIsrInfo:(Leader:0,ISR:0,LeaderEpoch:15,ControllerEpoch:16),ReplicationFactor:1),AllReplicas:0) correlation id 5 from controller 0 epoch 16 for partition [NC,0] (state.change.logger)
[2016-04-24 16:08:22,149] TRACE Broker 0 received LeaderAndIsr request (LeaderAndIsrInfo:(Leader:0,ISR:0,LeaderEpoch:9,ControllerEpoch:16),ReplicationFactor:1),AllReplicas:0) correlation id 5 from controller 0 epoch 16 for partition [USA,0] (state.change.logger)
[2016-04-24 16:08:22,150] TRACE Broker 0 received LeaderAndIsr request (LeaderAndIsrInfo:(Leader:0,ISR:0,LeaderEpoch:15,ControllerEpoch:16),ReplicationFactor:1),AllReplicas:0) correlation id 5 from controller 0 epoch 16 for partition [test,0] (state.change.logger)
[2016-04-24 16:08:22,150] TRACE Broker 0 handling LeaderAndIsr request correlationId 5 from controller 0 epoch 16 starting the become-leader transition for partition [Cary,0] (state.change.logger)
[2016-04-24 16:08:22,150] TRACE Broker 0 handling LeaderAndIsr request correlationId 5 from controller 0 epoch 16 starting the become-leader transition for partition [test,0] (state.change.logger)
[2016-04-24 16:08:22,150] TRACE Broker 0 handling LeaderAndIsr request correlationId 5 from controller 0 epoch 16 starting the become-leader transition for partition [USA,0] (state.change.logger)
[2016-04-24 16:08:22,151] TRACE Broker 0 handling LeaderAndIsr request correlationId 5 from controller 0 epoch 16 starting the become-leader transition for partition [NC,0] (state.change.logger)
[2016-04-24 16:08:22,152] TRACE Broker 0 stopped fetchers as part of become-leader request from controller 0 epoch 16 with correlation id 5 for partition [Cary,0] (state.change.logger)
[2016-04-24 16:08:22,152] TRACE Broker 0 stopped fetchers as part of become-leader request from controller 0 epoch 16 with correlation id 5 for partition [test,0] (state.change.logger)
[2016-04-24 16:08:22,153] TRACE Broker 0 stopped fetchers as part of become-leader request from controller 0 epoch 16 with correlation id 5 for partition [USA,0] (state.change.logger)
[2016-04-24 16:08:22,153] TRACE Broker 0 stopped fetchers as part of become-leader request from controller 0 epoch 16 with correlation id 5 for partition [NC,0] (state.change.logger)
[2016-04-24 16:08:22,154] TRACE Broker 0 completed LeaderAndIsr request correlationId 5 from controller 0 epoch 16 for the become-leader transition for partition [Cary,0] (state.change.logger)
[2016-04-24 16:08:22,154] TRACE Broker 0 completed LeaderAndIsr request correlationId 5 from controller 0 epoch 16 for the become-leader transition for partition [test,0] (state.change.logger)
[2016-04-24 16:08:22,155] TRACE Broker 0 completed LeaderAndIsr request correlationId 5 from controller 0 epoch 16 for the become-leader transition for partition [USA,0] (state.change.logger)
[2016-04-24 16:08:22,155] TRACE Broker 0 completed LeaderAndIsr request correlationId 5 from controller 0 epoch 16 for the become-leader transition for partition [NC,0] (state.change.logger)
[2016-04-24 16:08:22,156] TRACE Controller 0 epoch 16 received response LeaderAndIsrResponse(5,Map((Cary,0) -> 0, (NC,0) -> 0, (USA,0) -> 0, (test,0) -> 0),0) for a request sent to broker id:0,host:Isha-PC,port:9092 (state.change.logger)
[2016-04-24 16:08:22,157] TRACE Broker 0 cached leader info (LeaderAndIsrInfo:(Leader:0,ISR:0,LeaderEpoch:15,ControllerEpoch:16),ReplicationFactor:1),AllReplicas:0) for partition [Cary,0] in response to UpdateMetadata request sent by controller 0 epoch 16 with correlation id 5 (state.change.logger)
[2016-04-24 16:08:22,158] TRACE Broker 0 cached leader info (LeaderAndIsrInfo:(Leader:0,ISR:0,LeaderEpoch:15,ControllerEpoch:16),ReplicationFactor:1),AllReplicas:0) for partition [NC,0] in response to UpdateMetadata request sent by controller 0 epoch 16 with correlation id 5 (state.change.logger)
[2016-04-24 16:08:22,158] TRACE Broker 0 cached leader info (LeaderAndIsrInfo:(Leader:0,ISR:0,LeaderEpoch:9,ControllerEpoch:16),ReplicationFactor:1),AllReplicas:0) for partition [USA,0] in response to UpdateMetadata request sent by controller 0 epoch 16 with correlation id 5 (state.change.logger)
[2016-04-24 16:08:22,158] TRACE Broker 0 cached leader info (LeaderAndIsrInfo:(Leader:0,ISR:0,LeaderEpoch:15,ControllerEpoch:16),ReplicationFactor:1),AllReplicas:0) for partition [test,0] in response to UpdateMetadata request sent by controller 0 epoch 16 with correlation id 5 (state.change.logger)
[2016-04-24 16:08:22,159] TRACE Controller 0 epoch 16 received response UpdateMetadataResponse(5,0) for a request sent to broker id:0,host:Isha-PC,port:9092 (state.change.logger)
[2016-04-24 16:10:12,910] DEBUG preRegister called. Server=com.sun.jmx.mbeanserver.JmxMBeanServer@6d9b4e60, name=log4j:logger=state.change.logger (state.change.logger)
[2016-04-24 16:10:39,392] TRACE Controller 0 epoch 17 started leader election for partition [Cary,0] (state.change.logger)
[2016-04-24 16:10:39,407] ERROR Controller 0 epoch 17 initiated state change for partition [Cary,0] from OfflinePartition to OnlinePartition failed (state.change.logger)
kafka.common.NoReplicaOnlineException: No replica for partition [Cary,0] is alive. Live brokers are: [Set()], Assigned replicas are: [List(0)]
	at kafka.controller.OfflinePartitionLeaderSelector.selectLeader(PartitionLeaderSelector.scala:75)
	at kafka.controller.PartitionStateMachine.electLeaderForPartition(PartitionStateMachine.scala:357)
	at kafka.controller.PartitionStateMachine.kafka$controller$PartitionStateMachine$$handleStateChange(PartitionStateMachine.scala:206)
	at kafka.controller.PartitionStateMachine$$anonfun$triggerOnlinePartitionStateChange$3.apply(PartitionStateMachine.scala:120)
	at kafka.controller.PartitionStateMachine$$anonfun$triggerOnlinePartitionStateChange$3.apply(PartitionStateMachine.scala:117)
	at scala.collection.TraversableLike$WithFilter$$anonfun$foreach$1.apply(TraversableLike.scala:772)
	at scala.collection.mutable.HashMap$$anonfun$foreach$1.apply(HashMap.scala:98)
	at scala.collection.mutable.HashMap$$anonfun$foreach$1.apply(HashMap.scala:98)
	at scala.collection.mutable.HashTable$class.foreachEntry(HashTable.scala:226)
	at scala.collection.mutable.HashMap.foreachEntry(HashMap.scala:39)
	at scala.collection.mutable.HashMap.foreach(HashMap.scala:98)
	at scala.collection.TraversableLike$WithFilter.foreach(TraversableLike.scala:771)
	at kafka.controller.PartitionStateMachine.triggerOnlinePartitionStateChange(PartitionStateMachine.scala:117)
	at kafka.controller.PartitionStateMachine.startup(PartitionStateMachine.scala:70)
	at kafka.controller.KafkaController.onControllerFailover(KafkaController.scala:314)
	at kafka.controller.KafkaController$$anonfun$1.apply$mcV$sp(KafkaController.scala:161)
	at kafka.server.ZookeeperLeaderElector.elect(ZookeeperLeaderElector.scala:81)
	at kafka.server.ZookeeperLeaderElector$$anonfun$startup$1.apply$mcZ$sp(ZookeeperLeaderElector.scala:49)
	at kafka.server.ZookeeperLeaderElector$$anonfun$startup$1.apply(ZookeeperLeaderElector.scala:47)
	at kafka.server.ZookeeperLeaderElector$$anonfun$startup$1.apply(ZookeeperLeaderElector.scala:47)
	at kafka.utils.Utils$.inLock(Utils.scala:535)
	at kafka.server.ZookeeperLeaderElector.startup(ZookeeperLeaderElector.scala:47)
	at kafka.controller.KafkaController$$anonfun$startup$1.apply$mcV$sp(KafkaController.scala:650)
	at kafka.controller.KafkaController$$anonfun$startup$1.apply(KafkaController.scala:646)
	at kafka.controller.KafkaController$$anonfun$startup$1.apply(KafkaController.scala:646)
	at kafka.utils.Utils$.inLock(Utils.scala:535)
	at kafka.controller.KafkaController.startup(KafkaController.scala:646)
	at kafka.server.KafkaServer.startup(KafkaServer.scala:117)
	at kafka.server.KafkaServerStartable.startup(KafkaServerStartable.scala:29)
	at kafka.Kafka$.main(Kafka.scala:46)
	at kafka.Kafka.main(Kafka.scala)
[2016-04-24 16:10:39,408] TRACE Controller 0 epoch 17 started leader election for partition [NC,0] (state.change.logger)
[2016-04-24 16:10:39,418] ERROR Controller 0 epoch 17 initiated state change for partition [NC,0] from OfflinePartition to OnlinePartition failed (state.change.logger)
kafka.common.NoReplicaOnlineException: No replica for partition [NC,0] is alive. Live brokers are: [Set()], Assigned replicas are: [List(0)]
	at kafka.controller.OfflinePartitionLeaderSelector.selectLeader(PartitionLeaderSelector.scala:75)
	at kafka.controller.PartitionStateMachine.electLeaderForPartition(PartitionStateMachine.scala:357)
	at kafka.controller.PartitionStateMachine.kafka$controller$PartitionStateMachine$$handleStateChange(PartitionStateMachine.scala:206)
	at kafka.controller.PartitionStateMachine$$anonfun$triggerOnlinePartitionStateChange$3.apply(PartitionStateMachine.scala:120)
	at kafka.controller.PartitionStateMachine$$anonfun$triggerOnlinePartitionStateChange$3.apply(PartitionStateMachine.scala:117)
	at scala.collection.TraversableLike$WithFilter$$anonfun$foreach$1.apply(TraversableLike.scala:772)
	at scala.collection.mutable.HashMap$$anonfun$foreach$1.apply(HashMap.scala:98)
	at scala.collection.mutable.HashMap$$anonfun$foreach$1.apply(HashMap.scala:98)
	at scala.collection.mutable.HashTable$class.foreachEntry(HashTable.scala:226)
	at scala.collection.mutable.HashMap.foreachEntry(HashMap.scala:39)
	at scala.collection.mutable.HashMap.foreach(HashMap.scala:98)
	at scala.collection.TraversableLike$WithFilter.foreach(TraversableLike.scala:771)
	at kafka.controller.PartitionStateMachine.triggerOnlinePartitionStateChange(PartitionStateMachine.scala:117)
	at kafka.controller.PartitionStateMachine.startup(PartitionStateMachine.scala:70)
	at kafka.controller.KafkaController.onControllerFailover(KafkaController.scala:314)
	at kafka.controller.KafkaController$$anonfun$1.apply$mcV$sp(KafkaController.scala:161)
	at kafka.server.ZookeeperLeaderElector.elect(ZookeeperLeaderElector.scala:81)
	at kafka.server.ZookeeperLeaderElector$$anonfun$startup$1.apply$mcZ$sp(ZookeeperLeaderElector.scala:49)
	at kafka.server.ZookeeperLeaderElector$$anonfun$startup$1.apply(ZookeeperLeaderElector.scala:47)
	at kafka.server.ZookeeperLeaderElector$$anonfun$startup$1.apply(ZookeeperLeaderElector.scala:47)
	at kafka.utils.Utils$.inLock(Utils.scala:535)
	at kafka.server.ZookeeperLeaderElector.startup(ZookeeperLeaderElector.scala:47)
	at kafka.controller.KafkaController$$anonfun$startup$1.apply$mcV$sp(KafkaController.scala:650)
	at kafka.controller.KafkaController$$anonfun$startup$1.apply(KafkaController.scala:646)
	at kafka.controller.KafkaController$$anonfun$startup$1.apply(KafkaController.scala:646)
	at kafka.utils.Utils$.inLock(Utils.scala:535)
	at kafka.controller.KafkaController.startup(KafkaController.scala:646)
	at kafka.server.KafkaServer.startup(KafkaServer.scala:117)
	at kafka.server.KafkaServerStartable.startup(KafkaServerStartable.scala:29)
	at kafka.Kafka$.main(Kafka.scala:46)
	at kafka.Kafka.main(Kafka.scala)
[2016-04-24 16:10:39,419] TRACE Controller 0 epoch 17 started leader election for partition [USA,0] (state.change.logger)
[2016-04-24 16:10:39,430] ERROR Controller 0 epoch 17 initiated state change for partition [USA,0] from OfflinePartition to OnlinePartition failed (state.change.logger)
kafka.common.NoReplicaOnlineException: No replica for partition [USA,0] is alive. Live brokers are: [Set()], Assigned replicas are: [List(0)]
	at kafka.controller.OfflinePartitionLeaderSelector.selectLeader(PartitionLeaderSelector.scala:75)
	at kafka.controller.PartitionStateMachine.electLeaderForPartition(PartitionStateMachine.scala:357)
	at kafka.controller.PartitionStateMachine.kafka$controller$PartitionStateMachine$$handleStateChange(PartitionStateMachine.scala:206)
	at kafka.controller.PartitionStateMachine$$anonfun$triggerOnlinePartitionStateChange$3.apply(PartitionStateMachine.scala:120)
	at kafka.controller.PartitionStateMachine$$anonfun$triggerOnlinePartitionStateChange$3.apply(PartitionStateMachine.scala:117)
	at scala.collection.TraversableLike$WithFilter$$anonfun$foreach$1.apply(TraversableLike.scala:772)
	at scala.collection.mutable.HashMap$$anonfun$foreach$1.apply(HashMap.scala:98)
	at scala.collection.mutable.HashMap$$anonfun$foreach$1.apply(HashMap.scala:98)
	at scala.collection.mutable.HashTable$class.foreachEntry(HashTable.scala:226)
	at scala.collection.mutable.HashMap.foreachEntry(HashMap.scala:39)
	at scala.collection.mutable.HashMap.foreach(HashMap.scala:98)
	at scala.collection.TraversableLike$WithFilter.foreach(TraversableLike.scala:771)
	at kafka.controller.PartitionStateMachine.triggerOnlinePartitionStateChange(PartitionStateMachine.scala:117)
	at kafka.controller.PartitionStateMachine.startup(PartitionStateMachine.scala:70)
	at kafka.controller.KafkaController.onControllerFailover(KafkaController.scala:314)
	at kafka.controller.KafkaController$$anonfun$1.apply$mcV$sp(KafkaController.scala:161)
	at kafka.server.ZookeeperLeaderElector.elect(ZookeeperLeaderElector.scala:81)
	at kafka.server.ZookeeperLeaderElector$$anonfun$startup$1.apply$mcZ$sp(ZookeeperLeaderElector.scala:49)
	at kafka.server.ZookeeperLeaderElector$$anonfun$startup$1.apply(ZookeeperLeaderElector.scala:47)
	at kafka.server.ZookeeperLeaderElector$$anonfun$startup$1.apply(ZookeeperLeaderElector.scala:47)
	at kafka.utils.Utils$.inLock(Utils.scala:535)
	at kafka.server.ZookeeperLeaderElector.startup(ZookeeperLeaderElector.scala:47)
	at kafka.controller.KafkaController$$anonfun$startup$1.apply$mcV$sp(KafkaController.scala:650)
	at kafka.controller.KafkaController$$anonfun$startup$1.apply(KafkaController.scala:646)
	at kafka.controller.KafkaController$$anonfun$startup$1.apply(KafkaController.scala:646)
	at kafka.utils.Utils$.inLock(Utils.scala:535)
	at kafka.controller.KafkaController.startup(KafkaController.scala:646)
	at kafka.server.KafkaServer.startup(KafkaServer.scala:117)
	at kafka.server.KafkaServerStartable.startup(KafkaServerStartable.scala:29)
	at kafka.Kafka$.main(Kafka.scala:46)
	at kafka.Kafka.main(Kafka.scala)
[2016-04-24 16:10:39,430] TRACE Controller 0 epoch 17 started leader election for partition [test,0] (state.change.logger)
[2016-04-24 16:10:39,441] ERROR Controller 0 epoch 17 initiated state change for partition [test,0] from OfflinePartition to OnlinePartition failed (state.change.logger)
kafka.common.NoReplicaOnlineException: No replica for partition [test,0] is alive. Live brokers are: [Set()], Assigned replicas are: [List(0)]
	at kafka.controller.OfflinePartitionLeaderSelector.selectLeader(PartitionLeaderSelector.scala:75)
	at kafka.controller.PartitionStateMachine.electLeaderForPartition(PartitionStateMachine.scala:357)
	at kafka.controller.PartitionStateMachine.kafka$controller$PartitionStateMachine$$handleStateChange(PartitionStateMachine.scala:206)
	at kafka.controller.PartitionStateMachine$$anonfun$triggerOnlinePartitionStateChange$3.apply(PartitionStateMachine.scala:120)
	at kafka.controller.PartitionStateMachine$$anonfun$triggerOnlinePartitionStateChange$3.apply(PartitionStateMachine.scala:117)
	at scala.collection.TraversableLike$WithFilter$$anonfun$foreach$1.apply(TraversableLike.scala:772)
	at scala.collection.mutable.HashMap$$anonfun$foreach$1.apply(HashMap.scala:98)
	at scala.collection.mutable.HashMap$$anonfun$foreach$1.apply(HashMap.scala:98)
	at scala.collection.mutable.HashTable$class.foreachEntry(HashTable.scala:226)
	at scala.collection.mutable.HashMap.foreachEntry(HashMap.scala:39)
	at scala.collection.mutable.HashMap.foreach(HashMap.scala:98)
	at scala.collection.TraversableLike$WithFilter.foreach(TraversableLike.scala:771)
	at kafka.controller.PartitionStateMachine.triggerOnlinePartitionStateChange(PartitionStateMachine.scala:117)
	at kafka.controller.PartitionStateMachine.startup(PartitionStateMachine.scala:70)
	at kafka.controller.KafkaController.onControllerFailover(KafkaController.scala:314)
	at kafka.controller.KafkaController$$anonfun$1.apply$mcV$sp(KafkaController.scala:161)
	at kafka.server.ZookeeperLeaderElector.elect(ZookeeperLeaderElector.scala:81)
	at kafka.server.ZookeeperLeaderElector$$anonfun$startup$1.apply$mcZ$sp(ZookeeperLeaderElector.scala:49)
	at kafka.server.ZookeeperLeaderElector$$anonfun$startup$1.apply(ZookeeperLeaderElector.scala:47)
	at kafka.server.ZookeeperLeaderElector$$anonfun$startup$1.apply(ZookeeperLeaderElector.scala:47)
	at kafka.utils.Utils$.inLock(Utils.scala:535)
	at kafka.server.ZookeeperLeaderElector.startup(ZookeeperLeaderElector.scala:47)
	at kafka.controller.KafkaController$$anonfun$startup$1.apply$mcV$sp(KafkaController.scala:650)
	at kafka.controller.KafkaController$$anonfun$startup$1.apply(KafkaController.scala:646)
	at kafka.controller.KafkaController$$anonfun$startup$1.apply(KafkaController.scala:646)
	at kafka.utils.Utils$.inLock(Utils.scala:535)
	at kafka.controller.KafkaController.startup(KafkaController.scala:646)
	at kafka.server.KafkaServer.startup(KafkaServer.scala:117)
	at kafka.server.KafkaServerStartable.startup(KafkaServerStartable.scala:29)
	at kafka.Kafka$.main(Kafka.scala:46)
	at kafka.Kafka.main(Kafka.scala)
[2016-04-24 16:10:44,337] TRACE Controller 0 epoch 17 sending UpdateMetadata request (Leader:0,ISR:0,LeaderEpoch:15,ControllerEpoch:16) with correlationId 3 to broker 0 for partition [Cary,0] (state.change.logger)
[2016-04-24 16:10:44,337] TRACE Controller 0 epoch 17 sending UpdateMetadata request (Leader:0,ISR:0,LeaderEpoch:15,ControllerEpoch:16) with correlationId 3 to broker 0 for partition [NC,0] (state.change.logger)
[2016-04-24 16:10:44,338] TRACE Controller 0 epoch 17 sending UpdateMetadata request (Leader:0,ISR:0,LeaderEpoch:9,ControllerEpoch:16) with correlationId 3 to broker 0 for partition [USA,0] (state.change.logger)
[2016-04-24 16:10:44,338] TRACE Controller 0 epoch 17 sending UpdateMetadata request (Leader:0,ISR:0,LeaderEpoch:15,ControllerEpoch:16) with correlationId 3 to broker 0 for partition [test,0] (state.change.logger)
[2016-04-24 16:10:44,365] TRACE Controller 0 epoch 17 changed state of replica 0 for partition [Cary,0] from ReplicaDeletionIneligible to OnlineReplica (state.change.logger)
[2016-04-24 16:10:44,365] TRACE Controller 0 epoch 17 changed state of replica 0 for partition [NC,0] from ReplicaDeletionIneligible to OnlineReplica (state.change.logger)
[2016-04-24 16:10:44,366] TRACE Controller 0 epoch 17 changed state of replica 0 for partition [USA,0] from ReplicaDeletionIneligible to OnlineReplica (state.change.logger)
[2016-04-24 16:10:44,367] TRACE Controller 0 epoch 17 changed state of replica 0 for partition [test,0] from ReplicaDeletionIneligible to OnlineReplica (state.change.logger)
[2016-04-24 16:10:44,371] TRACE Controller 0 epoch 17 sending become-leader LeaderAndIsr request (Leader:0,ISR:0,LeaderEpoch:15,ControllerEpoch:16) with correlationId 4 to broker 0 for partition [NC,0] (state.change.logger)
[2016-04-24 16:10:44,372] TRACE Controller 0 epoch 17 sending become-leader LeaderAndIsr request (Leader:0,ISR:0,LeaderEpoch:15,ControllerEpoch:16) with correlationId 4 to broker 0 for partition [Cary,0] (state.change.logger)
[2016-04-24 16:10:44,372] TRACE Controller 0 epoch 17 sending become-leader LeaderAndIsr request (Leader:0,ISR:0,LeaderEpoch:9,ControllerEpoch:16) with correlationId 4 to broker 0 for partition [USA,0] (state.change.logger)
[2016-04-24 16:10:44,373] TRACE Controller 0 epoch 17 sending become-leader LeaderAndIsr request (Leader:0,ISR:0,LeaderEpoch:15,ControllerEpoch:16) with correlationId 4 to broker 0 for partition [test,0] (state.change.logger)
[2016-04-24 16:10:44,373] TRACE Controller 0 epoch 17 sending UpdateMetadata request (Leader:0,ISR:0,LeaderEpoch:15,ControllerEpoch:16) with correlationId 4 to broker 0 for partition [NC,0] (state.change.logger)
[2016-04-24 16:10:44,374] TRACE Controller 0 epoch 17 sending UpdateMetadata request (Leader:0,ISR:0,LeaderEpoch:15,ControllerEpoch:16) with correlationId 4 to broker 0 for partition [Cary,0] (state.change.logger)
[2016-04-24 16:10:44,374] TRACE Controller 0 epoch 17 sending UpdateMetadata request (Leader:0,ISR:0,LeaderEpoch:9,ControllerEpoch:16) with correlationId 4 to broker 0 for partition [USA,0] (state.change.logger)
[2016-04-24 16:10:44,374] TRACE Controller 0 epoch 17 sending UpdateMetadata request (Leader:0,ISR:0,LeaderEpoch:15,ControllerEpoch:16) with correlationId 4 to broker 0 for partition [test,0] (state.change.logger)
[2016-04-24 16:10:44,375] TRACE Controller 0 epoch 17 started leader election for partition [Cary,0] (state.change.logger)
[2016-04-24 16:10:44,384] TRACE Broker 0 cached leader info (LeaderAndIsrInfo:(Leader:0,ISR:0,LeaderEpoch:15,ControllerEpoch:16),ReplicationFactor:1),AllReplicas:0) for partition [NC,0] in response to UpdateMetadata request sent by controller 0 epoch 17 with correlation id 3 (state.change.logger)
[2016-04-24 16:10:44,385] TRACE Broker 0 cached leader info (LeaderAndIsrInfo:(Leader:0,ISR:0,LeaderEpoch:15,ControllerEpoch:16),ReplicationFactor:1),AllReplicas:0) for partition [Cary,0] in response to UpdateMetadata request sent by controller 0 epoch 17 with correlation id 3 (state.change.logger)
[2016-04-24 16:10:44,386] TRACE Broker 0 cached leader info (LeaderAndIsrInfo:(Leader:0,ISR:0,LeaderEpoch:9,ControllerEpoch:16),ReplicationFactor:1),AllReplicas:0) for partition [USA,0] in response to UpdateMetadata request sent by controller 0 epoch 17 with correlation id 3 (state.change.logger)
[2016-04-24 16:10:44,387] TRACE Broker 0 cached leader info (LeaderAndIsrInfo:(Leader:0,ISR:0,LeaderEpoch:15,ControllerEpoch:16),ReplicationFactor:1),AllReplicas:0) for partition [test,0] in response to UpdateMetadata request sent by controller 0 epoch 17 with correlation id 3 (state.change.logger)
[2016-04-24 16:10:44,410] TRACE Controller 0 epoch 17 received response UpdateMetadataResponse(3,0) for a request sent to broker id:0,host:Isha-PC,port:9092 (state.change.logger)
[2016-04-24 16:10:44,455] TRACE Broker 0 received LeaderAndIsr request (LeaderAndIsrInfo:(Leader:0,ISR:0,LeaderEpoch:15,ControllerEpoch:16),ReplicationFactor:1),AllReplicas:0) correlation id 4 from controller 0 epoch 17 for partition [Cary,0] (state.change.logger)
[2016-04-24 16:10:44,455] TRACE Broker 0 received LeaderAndIsr request (LeaderAndIsrInfo:(Leader:0,ISR:0,LeaderEpoch:15,ControllerEpoch:16),ReplicationFactor:1),AllReplicas:0) correlation id 4 from controller 0 epoch 17 for partition [NC,0] (state.change.logger)
[2016-04-24 16:10:44,455] TRACE Broker 0 received LeaderAndIsr request (LeaderAndIsrInfo:(Leader:0,ISR:0,LeaderEpoch:9,ControllerEpoch:16),ReplicationFactor:1),AllReplicas:0) correlation id 4 from controller 0 epoch 17 for partition [USA,0] (state.change.logger)
[2016-04-24 16:10:44,455] TRACE Broker 0 received LeaderAndIsr request (LeaderAndIsrInfo:(Leader:0,ISR:0,LeaderEpoch:15,ControllerEpoch:16),ReplicationFactor:1),AllReplicas:0) correlation id 4 from controller 0 epoch 17 for partition [test,0] (state.change.logger)
[2016-04-24 16:10:44,463] TRACE Broker 0 handling LeaderAndIsr request correlationId 4 from controller 0 epoch 17 starting the become-leader transition for partition [Cary,0] (state.change.logger)
[2016-04-24 16:10:44,464] TRACE Broker 0 handling LeaderAndIsr request correlationId 4 from controller 0 epoch 17 starting the become-leader transition for partition [test,0] (state.change.logger)
[2016-04-24 16:10:44,464] TRACE Broker 0 handling LeaderAndIsr request correlationId 4 from controller 0 epoch 17 starting the become-leader transition for partition [USA,0] (state.change.logger)
[2016-04-24 16:10:44,464] TRACE Broker 0 handling LeaderAndIsr request correlationId 4 from controller 0 epoch 17 starting the become-leader transition for partition [NC,0] (state.change.logger)
[2016-04-24 16:10:44,468] TRACE Broker 0 stopped fetchers as part of become-leader request from controller 0 epoch 17 with correlation id 4 for partition [Cary,0] (state.change.logger)
[2016-04-24 16:10:44,469] TRACE Broker 0 stopped fetchers as part of become-leader request from controller 0 epoch 17 with correlation id 4 for partition [test,0] (state.change.logger)
[2016-04-24 16:10:44,469] TRACE Broker 0 stopped fetchers as part of become-leader request from controller 0 epoch 17 with correlation id 4 for partition [USA,0] (state.change.logger)
[2016-04-24 16:10:44,469] TRACE Broker 0 stopped fetchers as part of become-leader request from controller 0 epoch 17 with correlation id 4 for partition [NC,0] (state.change.logger)
[2016-04-24 16:10:44,574] TRACE Controller 0 epoch 17 elected leader 0 for Offline partition [Cary,0] (state.change.logger)
[2016-04-24 16:10:44,580] TRACE Controller 0 epoch 17 changed partition [Cary,0] from OfflinePartition to OnlinePartition with leader 0 (state.change.logger)
[2016-04-24 16:10:44,581] TRACE Controller 0 epoch 17 started leader election for partition [NC,0] (state.change.logger)
[2016-04-24 16:10:44,625] TRACE Controller 0 epoch 17 elected leader 0 for Offline partition [NC,0] (state.change.logger)
[2016-04-24 16:10:44,629] TRACE Controller 0 epoch 17 changed partition [NC,0] from OfflinePartition to OnlinePartition with leader 0 (state.change.logger)
[2016-04-24 16:10:44,630] TRACE Controller 0 epoch 17 started leader election for partition [USA,0] (state.change.logger)
[2016-04-24 16:10:44,683] TRACE Controller 0 epoch 17 elected leader 0 for Offline partition [USA,0] (state.change.logger)
[2016-04-24 16:10:44,684] TRACE Controller 0 epoch 17 changed partition [USA,0] from OfflinePartition to OnlinePartition with leader 0 (state.change.logger)
[2016-04-24 16:10:44,684] TRACE Controller 0 epoch 17 started leader election for partition [test,0] (state.change.logger)
[2016-04-24 16:10:44,688] TRACE Broker 0 completed LeaderAndIsr request correlationId 4 from controller 0 epoch 17 for the become-leader transition for partition [Cary,0] (state.change.logger)
[2016-04-24 16:10:44,688] TRACE Broker 0 completed LeaderAndIsr request correlationId 4 from controller 0 epoch 17 for the become-leader transition for partition [test,0] (state.change.logger)
[2016-04-24 16:10:44,689] TRACE Broker 0 completed LeaderAndIsr request correlationId 4 from controller 0 epoch 17 for the become-leader transition for partition [USA,0] (state.change.logger)
[2016-04-24 16:10:44,689] TRACE Broker 0 completed LeaderAndIsr request correlationId 4 from controller 0 epoch 17 for the become-leader transition for partition [NC,0] (state.change.logger)
[2016-04-24 16:10:44,697] TRACE Controller 0 epoch 17 received response LeaderAndIsrResponse(4,Map((Cary,0) -> 0, (NC,0) -> 0, (USA,0) -> 0, (test,0) -> 0),0) for a request sent to broker id:0,host:Isha-PC,port:9092 (state.change.logger)
[2016-04-24 16:10:44,698] TRACE Broker 0 cached leader info (LeaderAndIsrInfo:(Leader:0,ISR:0,LeaderEpoch:15,ControllerEpoch:16),ReplicationFactor:1),AllReplicas:0) for partition [Cary,0] in response to UpdateMetadata request sent by controller 0 epoch 17 with correlation id 4 (state.change.logger)
[2016-04-24 16:10:44,699] TRACE Broker 0 cached leader info (LeaderAndIsrInfo:(Leader:0,ISR:0,LeaderEpoch:15,ControllerEpoch:16),ReplicationFactor:1),AllReplicas:0) for partition [NC,0] in response to UpdateMetadata request sent by controller 0 epoch 17 with correlation id 4 (state.change.logger)
[2016-04-24 16:10:44,700] TRACE Broker 0 cached leader info (LeaderAndIsrInfo:(Leader:0,ISR:0,LeaderEpoch:9,ControllerEpoch:16),ReplicationFactor:1),AllReplicas:0) for partition [USA,0] in response to UpdateMetadata request sent by controller 0 epoch 17 with correlation id 4 (state.change.logger)
[2016-04-24 16:10:44,700] TRACE Broker 0 cached leader info (LeaderAndIsrInfo:(Leader:0,ISR:0,LeaderEpoch:15,ControllerEpoch:16),ReplicationFactor:1),AllReplicas:0) for partition [test,0] in response to UpdateMetadata request sent by controller 0 epoch 17 with correlation id 4 (state.change.logger)
[2016-04-24 16:10:44,701] TRACE Controller 0 epoch 17 received response UpdateMetadataResponse(4,0) for a request sent to broker id:0,host:Isha-PC,port:9092 (state.change.logger)
[2016-04-24 16:10:44,712] TRACE Controller 0 epoch 17 elected leader 0 for Offline partition [test,0] (state.change.logger)
[2016-04-24 16:10:44,713] TRACE Controller 0 epoch 17 changed partition [test,0] from OfflinePartition to OnlinePartition with leader 0 (state.change.logger)
[2016-04-24 16:10:44,713] TRACE Controller 0 epoch 17 sending become-leader LeaderAndIsr request (Leader:0,ISR:0,LeaderEpoch:16,ControllerEpoch:17) with correlationId 5 to broker 0 for partition [NC,0] (state.change.logger)
[2016-04-24 16:10:44,714] TRACE Controller 0 epoch 17 sending become-leader LeaderAndIsr request (Leader:0,ISR:0,LeaderEpoch:16,ControllerEpoch:17) with correlationId 5 to broker 0 for partition [Cary,0] (state.change.logger)
[2016-04-24 16:10:44,714] TRACE Controller 0 epoch 17 sending become-leader LeaderAndIsr request (Leader:0,ISR:0,LeaderEpoch:10,ControllerEpoch:17) with correlationId 5 to broker 0 for partition [USA,0] (state.change.logger)
[2016-04-24 16:10:44,714] TRACE Controller 0 epoch 17 sending become-leader LeaderAndIsr request (Leader:0,ISR:0,LeaderEpoch:16,ControllerEpoch:17) with correlationId 5 to broker 0 for partition [test,0] (state.change.logger)
[2016-04-24 16:10:44,714] TRACE Controller 0 epoch 17 sending UpdateMetadata request (Leader:0,ISR:0,LeaderEpoch:16,ControllerEpoch:17) with correlationId 5 to broker 0 for partition [NC,0] (state.change.logger)
[2016-04-24 16:10:44,714] TRACE Controller 0 epoch 17 sending UpdateMetadata request (Leader:0,ISR:0,LeaderEpoch:16,ControllerEpoch:17) with correlationId 5 to broker 0 for partition [Cary,0] (state.change.logger)
[2016-04-24 16:10:44,715] TRACE Controller 0 epoch 17 sending UpdateMetadata request (Leader:0,ISR:0,LeaderEpoch:10,ControllerEpoch:17) with correlationId 5 to broker 0 for partition [USA,0] (state.change.logger)
[2016-04-24 16:10:44,715] TRACE Controller 0 epoch 17 sending UpdateMetadata request (Leader:0,ISR:0,LeaderEpoch:16,ControllerEpoch:17) with correlationId 5 to broker 0 for partition [test,0] (state.change.logger)
[2016-04-24 16:10:44,715] TRACE Broker 0 received LeaderAndIsr request (LeaderAndIsrInfo:(Leader:0,ISR:0,LeaderEpoch:16,ControllerEpoch:17),ReplicationFactor:1),AllReplicas:0) correlation id 5 from controller 0 epoch 17 for partition [Cary,0] (state.change.logger)
[2016-04-24 16:10:44,715] TRACE Broker 0 received LeaderAndIsr request (LeaderAndIsrInfo:(Leader:0,ISR:0,LeaderEpoch:16,ControllerEpoch:17),ReplicationFactor:1),AllReplicas:0) correlation id 5 from controller 0 epoch 17 for partition [NC,0] (state.change.logger)
[2016-04-24 16:10:44,715] TRACE Broker 0 received LeaderAndIsr request (LeaderAndIsrInfo:(Leader:0,ISR:0,LeaderEpoch:10,ControllerEpoch:17),ReplicationFactor:1),AllReplicas:0) correlation id 5 from controller 0 epoch 17 for partition [USA,0] (state.change.logger)
[2016-04-24 16:10:44,715] TRACE Broker 0 received LeaderAndIsr request (LeaderAndIsrInfo:(Leader:0,ISR:0,LeaderEpoch:16,ControllerEpoch:17),ReplicationFactor:1),AllReplicas:0) correlation id 5 from controller 0 epoch 17 for partition [test,0] (state.change.logger)
[2016-04-24 16:10:44,716] TRACE Broker 0 handling LeaderAndIsr request correlationId 5 from controller 0 epoch 17 starting the become-leader transition for partition [Cary,0] (state.change.logger)
[2016-04-24 16:10:44,716] TRACE Broker 0 handling LeaderAndIsr request correlationId 5 from controller 0 epoch 17 starting the become-leader transition for partition [test,0] (state.change.logger)
[2016-04-24 16:10:44,716] TRACE Broker 0 handling LeaderAndIsr request correlationId 5 from controller 0 epoch 17 starting the become-leader transition for partition [USA,0] (state.change.logger)
[2016-04-24 16:10:44,717] TRACE Broker 0 handling LeaderAndIsr request correlationId 5 from controller 0 epoch 17 starting the become-leader transition for partition [NC,0] (state.change.logger)
[2016-04-24 16:10:44,717] TRACE Broker 0 stopped fetchers as part of become-leader request from controller 0 epoch 17 with correlation id 5 for partition [Cary,0] (state.change.logger)
[2016-04-24 16:10:44,718] TRACE Broker 0 stopped fetchers as part of become-leader request from controller 0 epoch 17 with correlation id 5 for partition [test,0] (state.change.logger)
[2016-04-24 16:10:44,718] TRACE Broker 0 stopped fetchers as part of become-leader request from controller 0 epoch 17 with correlation id 5 for partition [USA,0] (state.change.logger)
[2016-04-24 16:10:44,718] TRACE Broker 0 stopped fetchers as part of become-leader request from controller 0 epoch 17 with correlation id 5 for partition [NC,0] (state.change.logger)
[2016-04-24 16:10:44,719] TRACE Broker 0 completed LeaderAndIsr request correlationId 5 from controller 0 epoch 17 for the become-leader transition for partition [Cary,0] (state.change.logger)
[2016-04-24 16:10:44,719] TRACE Broker 0 completed LeaderAndIsr request correlationId 5 from controller 0 epoch 17 for the become-leader transition for partition [test,0] (state.change.logger)
[2016-04-24 16:10:44,719] TRACE Broker 0 completed LeaderAndIsr request correlationId 5 from controller 0 epoch 17 for the become-leader transition for partition [USA,0] (state.change.logger)
[2016-04-24 16:10:44,720] TRACE Broker 0 completed LeaderAndIsr request correlationId 5 from controller 0 epoch 17 for the become-leader transition for partition [NC,0] (state.change.logger)
[2016-04-24 16:10:44,721] TRACE Controller 0 epoch 17 received response LeaderAndIsrResponse(5,Map((Cary,0) -> 0, (NC,0) -> 0, (USA,0) -> 0, (test,0) -> 0),0) for a request sent to broker id:0,host:Isha-PC,port:9092 (state.change.logger)
[2016-04-24 16:10:44,722] TRACE Broker 0 cached leader info (LeaderAndIsrInfo:(Leader:0,ISR:0,LeaderEpoch:16,ControllerEpoch:17),ReplicationFactor:1),AllReplicas:0) for partition [Cary,0] in response to UpdateMetadata request sent by controller 0 epoch 17 with correlation id 5 (state.change.logger)
[2016-04-24 16:10:44,722] TRACE Broker 0 cached leader info (LeaderAndIsrInfo:(Leader:0,ISR:0,LeaderEpoch:16,ControllerEpoch:17),ReplicationFactor:1),AllReplicas:0) for partition [NC,0] in response to UpdateMetadata request sent by controller 0 epoch 17 with correlation id 5 (state.change.logger)
[2016-04-24 16:10:44,722] TRACE Broker 0 cached leader info (LeaderAndIsrInfo:(Leader:0,ISR:0,LeaderEpoch:10,ControllerEpoch:17),ReplicationFactor:1),AllReplicas:0) for partition [USA,0] in response to UpdateMetadata request sent by controller 0 epoch 17 with correlation id 5 (state.change.logger)
[2016-04-24 16:10:44,722] TRACE Broker 0 cached leader info (LeaderAndIsrInfo:(Leader:0,ISR:0,LeaderEpoch:16,ControllerEpoch:17),ReplicationFactor:1),AllReplicas:0) for partition [test,0] in response to UpdateMetadata request sent by controller 0 epoch 17 with correlation id 5 (state.change.logger)
[2016-04-24 16:10:44,723] TRACE Controller 0 epoch 17 received response UpdateMetadataResponse(5,0) for a request sent to broker id:0,host:Isha-PC,port:9092 (state.change.logger)
[2016-04-24 16:29:31,962] DEBUG preRegister called. Server=com.sun.jmx.mbeanserver.JmxMBeanServer@6d9b4e60, name=log4j:logger=state.change.logger (state.change.logger)
[2016-04-24 16:29:55,976] TRACE Controller 0 epoch 18 started leader election for partition [Cary,0] (state.change.logger)
[2016-04-24 16:29:56,019] ERROR Controller 0 epoch 18 initiated state change for partition [Cary,0] from OfflinePartition to OnlinePartition failed (state.change.logger)
kafka.common.NoReplicaOnlineException: No replica for partition [Cary,0] is alive. Live brokers are: [Set()], Assigned replicas are: [List(0)]
	at kafka.controller.OfflinePartitionLeaderSelector.selectLeader(PartitionLeaderSelector.scala:75)
	at kafka.controller.PartitionStateMachine.electLeaderForPartition(PartitionStateMachine.scala:357)
	at kafka.controller.PartitionStateMachine.kafka$controller$PartitionStateMachine$$handleStateChange(PartitionStateMachine.scala:206)
	at kafka.controller.PartitionStateMachine$$anonfun$triggerOnlinePartitionStateChange$3.apply(PartitionStateMachine.scala:120)
	at kafka.controller.PartitionStateMachine$$anonfun$triggerOnlinePartitionStateChange$3.apply(PartitionStateMachine.scala:117)
	at scala.collection.TraversableLike$WithFilter$$anonfun$foreach$1.apply(TraversableLike.scala:772)
	at scala.collection.mutable.HashMap$$anonfun$foreach$1.apply(HashMap.scala:98)
	at scala.collection.mutable.HashMap$$anonfun$foreach$1.apply(HashMap.scala:98)
	at scala.collection.mutable.HashTable$class.foreachEntry(HashTable.scala:226)
	at scala.collection.mutable.HashMap.foreachEntry(HashMap.scala:39)
	at scala.collection.mutable.HashMap.foreach(HashMap.scala:98)
	at scala.collection.TraversableLike$WithFilter.foreach(TraversableLike.scala:771)
	at kafka.controller.PartitionStateMachine.triggerOnlinePartitionStateChange(PartitionStateMachine.scala:117)
	at kafka.controller.PartitionStateMachine.startup(PartitionStateMachine.scala:70)
	at kafka.controller.KafkaController.onControllerFailover(KafkaController.scala:314)
	at kafka.controller.KafkaController$$anonfun$1.apply$mcV$sp(KafkaController.scala:161)
	at kafka.server.ZookeeperLeaderElector.elect(ZookeeperLeaderElector.scala:81)
	at kafka.server.ZookeeperLeaderElector$$anonfun$startup$1.apply$mcZ$sp(ZookeeperLeaderElector.scala:49)
	at kafka.server.ZookeeperLeaderElector$$anonfun$startup$1.apply(ZookeeperLeaderElector.scala:47)
	at kafka.server.ZookeeperLeaderElector$$anonfun$startup$1.apply(ZookeeperLeaderElector.scala:47)
	at kafka.utils.Utils$.inLock(Utils.scala:535)
	at kafka.server.ZookeeperLeaderElector.startup(ZookeeperLeaderElector.scala:47)
	at kafka.controller.KafkaController$$anonfun$startup$1.apply$mcV$sp(KafkaController.scala:650)
	at kafka.controller.KafkaController$$anonfun$startup$1.apply(KafkaController.scala:646)
	at kafka.controller.KafkaController$$anonfun$startup$1.apply(KafkaController.scala:646)
	at kafka.utils.Utils$.inLock(Utils.scala:535)
	at kafka.controller.KafkaController.startup(KafkaController.scala:646)
	at kafka.server.KafkaServer.startup(KafkaServer.scala:117)
	at kafka.server.KafkaServerStartable.startup(KafkaServerStartable.scala:29)
	at kafka.Kafka$.main(Kafka.scala:46)
	at kafka.Kafka.main(Kafka.scala)
[2016-04-24 16:29:56,021] TRACE Controller 0 epoch 18 started leader election for partition [NC,0] (state.change.logger)
[2016-04-24 16:29:56,054] ERROR Controller 0 epoch 18 initiated state change for partition [NC,0] from OfflinePartition to OnlinePartition failed (state.change.logger)
kafka.common.NoReplicaOnlineException: No replica for partition [NC,0] is alive. Live brokers are: [Set()], Assigned replicas are: [List(0)]
	at kafka.controller.OfflinePartitionLeaderSelector.selectLeader(PartitionLeaderSelector.scala:75)
	at kafka.controller.PartitionStateMachine.electLeaderForPartition(PartitionStateMachine.scala:357)
	at kafka.controller.PartitionStateMachine.kafka$controller$PartitionStateMachine$$handleStateChange(PartitionStateMachine.scala:206)
	at kafka.controller.PartitionStateMachine$$anonfun$triggerOnlinePartitionStateChange$3.apply(PartitionStateMachine.scala:120)
	at kafka.controller.PartitionStateMachine$$anonfun$triggerOnlinePartitionStateChange$3.apply(PartitionStateMachine.scala:117)
	at scala.collection.TraversableLike$WithFilter$$anonfun$foreach$1.apply(TraversableLike.scala:772)
	at scala.collection.mutable.HashMap$$anonfun$foreach$1.apply(HashMap.scala:98)
	at scala.collection.mutable.HashMap$$anonfun$foreach$1.apply(HashMap.scala:98)
	at scala.collection.mutable.HashTable$class.foreachEntry(HashTable.scala:226)
	at scala.collection.mutable.HashMap.foreachEntry(HashMap.scala:39)
	at scala.collection.mutable.HashMap.foreach(HashMap.scala:98)
	at scala.collection.TraversableLike$WithFilter.foreach(TraversableLike.scala:771)
	at kafka.controller.PartitionStateMachine.triggerOnlinePartitionStateChange(PartitionStateMachine.scala:117)
	at kafka.controller.PartitionStateMachine.startup(PartitionStateMachine.scala:70)
	at kafka.controller.KafkaController.onControllerFailover(KafkaController.scala:314)
	at kafka.controller.KafkaController$$anonfun$1.apply$mcV$sp(KafkaController.scala:161)
	at kafka.server.ZookeeperLeaderElector.elect(ZookeeperLeaderElector.scala:81)
	at kafka.server.ZookeeperLeaderElector$$anonfun$startup$1.apply$mcZ$sp(ZookeeperLeaderElector.scala:49)
	at kafka.server.ZookeeperLeaderElector$$anonfun$startup$1.apply(ZookeeperLeaderElector.scala:47)
	at kafka.server.ZookeeperLeaderElector$$anonfun$startup$1.apply(ZookeeperLeaderElector.scala:47)
	at kafka.utils.Utils$.inLock(Utils.scala:535)
	at kafka.server.ZookeeperLeaderElector.startup(ZookeeperLeaderElector.scala:47)
	at kafka.controller.KafkaController$$anonfun$startup$1.apply$mcV$sp(KafkaController.scala:650)
	at kafka.controller.KafkaController$$anonfun$startup$1.apply(KafkaController.scala:646)
	at kafka.controller.KafkaController$$anonfun$startup$1.apply(KafkaController.scala:646)
	at kafka.utils.Utils$.inLock(Utils.scala:535)
	at kafka.controller.KafkaController.startup(KafkaController.scala:646)
	at kafka.server.KafkaServer.startup(KafkaServer.scala:117)
	at kafka.server.KafkaServerStartable.startup(KafkaServerStartable.scala:29)
	at kafka.Kafka$.main(Kafka.scala:46)
	at kafka.Kafka.main(Kafka.scala)
[2016-04-24 16:29:56,057] TRACE Controller 0 epoch 18 started leader election for partition [USA,0] (state.change.logger)
[2016-04-24 16:29:56,099] ERROR Controller 0 epoch 18 initiated state change for partition [USA,0] from OfflinePartition to OnlinePartition failed (state.change.logger)
kafka.common.NoReplicaOnlineException: No replica for partition [USA,0] is alive. Live brokers are: [Set()], Assigned replicas are: [List(0)]
	at kafka.controller.OfflinePartitionLeaderSelector.selectLeader(PartitionLeaderSelector.scala:75)
	at kafka.controller.PartitionStateMachine.electLeaderForPartition(PartitionStateMachine.scala:357)
	at kafka.controller.PartitionStateMachine.kafka$controller$PartitionStateMachine$$handleStateChange(PartitionStateMachine.scala:206)
	at kafka.controller.PartitionStateMachine$$anonfun$triggerOnlinePartitionStateChange$3.apply(PartitionStateMachine.scala:120)
	at kafka.controller.PartitionStateMachine$$anonfun$triggerOnlinePartitionStateChange$3.apply(PartitionStateMachine.scala:117)
	at scala.collection.TraversableLike$WithFilter$$anonfun$foreach$1.apply(TraversableLike.scala:772)
	at scala.collection.mutable.HashMap$$anonfun$foreach$1.apply(HashMap.scala:98)
	at scala.collection.mutable.HashMap$$anonfun$foreach$1.apply(HashMap.scala:98)
	at scala.collection.mutable.HashTable$class.foreachEntry(HashTable.scala:226)
	at scala.collection.mutable.HashMap.foreachEntry(HashMap.scala:39)
	at scala.collection.mutable.HashMap.foreach(HashMap.scala:98)
	at scala.collection.TraversableLike$WithFilter.foreach(TraversableLike.scala:771)
	at kafka.controller.PartitionStateMachine.triggerOnlinePartitionStateChange(PartitionStateMachine.scala:117)
	at kafka.controller.PartitionStateMachine.startup(PartitionStateMachine.scala:70)
	at kafka.controller.KafkaController.onControllerFailover(KafkaController.scala:314)
	at kafka.controller.KafkaController$$anonfun$1.apply$mcV$sp(KafkaController.scala:161)
	at kafka.server.ZookeeperLeaderElector.elect(ZookeeperLeaderElector.scala:81)
	at kafka.server.ZookeeperLeaderElector$$anonfun$startup$1.apply$mcZ$sp(ZookeeperLeaderElector.scala:49)
	at kafka.server.ZookeeperLeaderElector$$anonfun$startup$1.apply(ZookeeperLeaderElector.scala:47)
	at kafka.server.ZookeeperLeaderElector$$anonfun$startup$1.apply(ZookeeperLeaderElector.scala:47)
	at kafka.utils.Utils$.inLock(Utils.scala:535)
	at kafka.server.ZookeeperLeaderElector.startup(ZookeeperLeaderElector.scala:47)
	at kafka.controller.KafkaController$$anonfun$startup$1.apply$mcV$sp(KafkaController.scala:650)
	at kafka.controller.KafkaController$$anonfun$startup$1.apply(KafkaController.scala:646)
	at kafka.controller.KafkaController$$anonfun$startup$1.apply(KafkaController.scala:646)
	at kafka.utils.Utils$.inLock(Utils.scala:535)
	at kafka.controller.KafkaController.startup(KafkaController.scala:646)
	at kafka.server.KafkaServer.startup(KafkaServer.scala:117)
	at kafka.server.KafkaServerStartable.startup(KafkaServerStartable.scala:29)
	at kafka.Kafka$.main(Kafka.scala:46)
	at kafka.Kafka.main(Kafka.scala)
[2016-04-24 16:29:56,102] TRACE Controller 0 epoch 18 started leader election for partition [test,0] (state.change.logger)
[2016-04-24 16:29:56,125] ERROR Controller 0 epoch 18 initiated state change for partition [test,0] from OfflinePartition to OnlinePartition failed (state.change.logger)
kafka.common.NoReplicaOnlineException: No replica for partition [test,0] is alive. Live brokers are: [Set()], Assigned replicas are: [List(0)]
	at kafka.controller.OfflinePartitionLeaderSelector.selectLeader(PartitionLeaderSelector.scala:75)
	at kafka.controller.PartitionStateMachine.electLeaderForPartition(PartitionStateMachine.scala:357)
	at kafka.controller.PartitionStateMachine.kafka$controller$PartitionStateMachine$$handleStateChange(PartitionStateMachine.scala:206)
	at kafka.controller.PartitionStateMachine$$anonfun$triggerOnlinePartitionStateChange$3.apply(PartitionStateMachine.scala:120)
	at kafka.controller.PartitionStateMachine$$anonfun$triggerOnlinePartitionStateChange$3.apply(PartitionStateMachine.scala:117)
	at scala.collection.TraversableLike$WithFilter$$anonfun$foreach$1.apply(TraversableLike.scala:772)
	at scala.collection.mutable.HashMap$$anonfun$foreach$1.apply(HashMap.scala:98)
	at scala.collection.mutable.HashMap$$anonfun$foreach$1.apply(HashMap.scala:98)
	at scala.collection.mutable.HashTable$class.foreachEntry(HashTable.scala:226)
	at scala.collection.mutable.HashMap.foreachEntry(HashMap.scala:39)
	at scala.collection.mutable.HashMap.foreach(HashMap.scala:98)
	at scala.collection.TraversableLike$WithFilter.foreach(TraversableLike.scala:771)
	at kafka.controller.PartitionStateMachine.triggerOnlinePartitionStateChange(PartitionStateMachine.scala:117)
	at kafka.controller.PartitionStateMachine.startup(PartitionStateMachine.scala:70)
	at kafka.controller.KafkaController.onControllerFailover(KafkaController.scala:314)
	at kafka.controller.KafkaController$$anonfun$1.apply$mcV$sp(KafkaController.scala:161)
	at kafka.server.ZookeeperLeaderElector.elect(ZookeeperLeaderElector.scala:81)
	at kafka.server.ZookeeperLeaderElector$$anonfun$startup$1.apply$mcZ$sp(ZookeeperLeaderElector.scala:49)
	at kafka.server.ZookeeperLeaderElector$$anonfun$startup$1.apply(ZookeeperLeaderElector.scala:47)
	at kafka.server.ZookeeperLeaderElector$$anonfun$startup$1.apply(ZookeeperLeaderElector.scala:47)
	at kafka.utils.Utils$.inLock(Utils.scala:535)
	at kafka.server.ZookeeperLeaderElector.startup(ZookeeperLeaderElector.scala:47)
	at kafka.controller.KafkaController$$anonfun$startup$1.apply$mcV$sp(KafkaController.scala:650)
	at kafka.controller.KafkaController$$anonfun$startup$1.apply(KafkaController.scala:646)
	at kafka.controller.KafkaController$$anonfun$startup$1.apply(KafkaController.scala:646)
	at kafka.utils.Utils$.inLock(Utils.scala:535)
	at kafka.controller.KafkaController.startup(KafkaController.scala:646)
	at kafka.server.KafkaServer.startup(KafkaServer.scala:117)
	at kafka.server.KafkaServerStartable.startup(KafkaServerStartable.scala:29)
	at kafka.Kafka$.main(Kafka.scala:46)
	at kafka.Kafka.main(Kafka.scala)
[2016-04-24 16:30:00,971] TRACE Controller 0 epoch 18 sending UpdateMetadata request (Leader:0,ISR:0,LeaderEpoch:16,ControllerEpoch:17) with correlationId 3 to broker 0 for partition [Cary,0] (state.change.logger)
[2016-04-24 16:30:00,971] TRACE Controller 0 epoch 18 sending UpdateMetadata request (Leader:0,ISR:0,LeaderEpoch:16,ControllerEpoch:17) with correlationId 3 to broker 0 for partition [NC,0] (state.change.logger)
[2016-04-24 16:30:00,972] TRACE Controller 0 epoch 18 sending UpdateMetadata request (Leader:0,ISR:0,LeaderEpoch:10,ControllerEpoch:17) with correlationId 3 to broker 0 for partition [USA,0] (state.change.logger)
[2016-04-24 16:30:00,973] TRACE Controller 0 epoch 18 sending UpdateMetadata request (Leader:0,ISR:0,LeaderEpoch:16,ControllerEpoch:17) with correlationId 3 to broker 0 for partition [test,0] (state.change.logger)
[2016-04-24 16:30:00,986] TRACE Controller 0 epoch 18 changed state of replica 0 for partition [Cary,0] from ReplicaDeletionIneligible to OnlineReplica (state.change.logger)
[2016-04-24 16:30:00,987] TRACE Controller 0 epoch 18 changed state of replica 0 for partition [NC,0] from ReplicaDeletionIneligible to OnlineReplica (state.change.logger)
[2016-04-24 16:30:00,988] TRACE Controller 0 epoch 18 changed state of replica 0 for partition [USA,0] from ReplicaDeletionIneligible to OnlineReplica (state.change.logger)
[2016-04-24 16:30:00,988] TRACE Controller 0 epoch 18 changed state of replica 0 for partition [test,0] from ReplicaDeletionIneligible to OnlineReplica (state.change.logger)
[2016-04-24 16:30:00,989] TRACE Broker 0 cached leader info (LeaderAndIsrInfo:(Leader:0,ISR:0,LeaderEpoch:16,ControllerEpoch:17),ReplicationFactor:1),AllReplicas:0) for partition [NC,0] in response to UpdateMetadata request sent by controller 0 epoch 18 with correlation id 3 (state.change.logger)
[2016-04-24 16:30:00,990] TRACE Broker 0 cached leader info (LeaderAndIsrInfo:(Leader:0,ISR:0,LeaderEpoch:16,ControllerEpoch:17),ReplicationFactor:1),AllReplicas:0) for partition [Cary,0] in response to UpdateMetadata request sent by controller 0 epoch 18 with correlation id 3 (state.change.logger)
[2016-04-24 16:30:00,990] TRACE Broker 0 cached leader info (LeaderAndIsrInfo:(Leader:0,ISR:0,LeaderEpoch:10,ControllerEpoch:17),ReplicationFactor:1),AllReplicas:0) for partition [USA,0] in response to UpdateMetadata request sent by controller 0 epoch 18 with correlation id 3 (state.change.logger)
[2016-04-24 16:30:00,991] TRACE Broker 0 cached leader info (LeaderAndIsrInfo:(Leader:0,ISR:0,LeaderEpoch:16,ControllerEpoch:17),ReplicationFactor:1),AllReplicas:0) for partition [test,0] in response to UpdateMetadata request sent by controller 0 epoch 18 with correlation id 3 (state.change.logger)
[2016-04-24 16:30:00,991] TRACE Controller 0 epoch 18 sending become-leader LeaderAndIsr request (Leader:0,ISR:0,LeaderEpoch:16,ControllerEpoch:17) with correlationId 4 to broker 0 for partition [NC,0] (state.change.logger)
[2016-04-24 16:30:00,991] TRACE Controller 0 epoch 18 sending become-leader LeaderAndIsr request (Leader:0,ISR:0,LeaderEpoch:16,ControllerEpoch:17) with correlationId 4 to broker 0 for partition [Cary,0] (state.change.logger)
[2016-04-24 16:30:00,992] TRACE Controller 0 epoch 18 sending become-leader LeaderAndIsr request (Leader:0,ISR:0,LeaderEpoch:10,ControllerEpoch:17) with correlationId 4 to broker 0 for partition [USA,0] (state.change.logger)
[2016-04-24 16:30:00,992] TRACE Controller 0 epoch 18 sending become-leader LeaderAndIsr request (Leader:0,ISR:0,LeaderEpoch:16,ControllerEpoch:17) with correlationId 4 to broker 0 for partition [test,0] (state.change.logger)
[2016-04-24 16:30:00,993] TRACE Controller 0 epoch 18 sending UpdateMetadata request (Leader:0,ISR:0,LeaderEpoch:16,ControllerEpoch:17) with correlationId 4 to broker 0 for partition [NC,0] (state.change.logger)
[2016-04-24 16:30:00,993] TRACE Controller 0 epoch 18 sending UpdateMetadata request (Leader:0,ISR:0,LeaderEpoch:16,ControllerEpoch:17) with correlationId 4 to broker 0 for partition [Cary,0] (state.change.logger)
[2016-04-24 16:30:00,993] TRACE Controller 0 epoch 18 sending UpdateMetadata request (Leader:0,ISR:0,LeaderEpoch:10,ControllerEpoch:17) with correlationId 4 to broker 0 for partition [USA,0] (state.change.logger)
[2016-04-24 16:30:00,993] TRACE Controller 0 epoch 18 sending UpdateMetadata request (Leader:0,ISR:0,LeaderEpoch:16,ControllerEpoch:17) with correlationId 4 to broker 0 for partition [test,0] (state.change.logger)
[2016-04-24 16:30:00,994] TRACE Controller 0 epoch 18 started leader election for partition [Cary,0] (state.change.logger)
[2016-04-24 16:30:00,996] TRACE Controller 0 epoch 18 received response UpdateMetadataResponse(3,0) for a request sent to broker id:0,host:Isha-PC,port:9092 (state.change.logger)
[2016-04-24 16:30:01,022] TRACE Controller 0 epoch 18 elected leader 0 for Offline partition [Cary,0] (state.change.logger)
[2016-04-24 16:30:01,025] TRACE Controller 0 epoch 18 changed partition [Cary,0] from OfflinePartition to OnlinePartition with leader 0 (state.change.logger)
[2016-04-24 16:30:01,025] TRACE Controller 0 epoch 18 started leader election for partition [NC,0] (state.change.logger)
[2016-04-24 16:30:01,047] TRACE Broker 0 received LeaderAndIsr request (LeaderAndIsrInfo:(Leader:0,ISR:0,LeaderEpoch:16,ControllerEpoch:17),ReplicationFactor:1),AllReplicas:0) correlation id 4 from controller 0 epoch 18 for partition [Cary,0] (state.change.logger)
[2016-04-24 16:30:01,048] TRACE Broker 0 received LeaderAndIsr request (LeaderAndIsrInfo:(Leader:0,ISR:0,LeaderEpoch:16,ControllerEpoch:17),ReplicationFactor:1),AllReplicas:0) correlation id 4 from controller 0 epoch 18 for partition [NC,0] (state.change.logger)
[2016-04-24 16:30:01,048] TRACE Broker 0 received LeaderAndIsr request (LeaderAndIsrInfo:(Leader:0,ISR:0,LeaderEpoch:10,ControllerEpoch:17),ReplicationFactor:1),AllReplicas:0) correlation id 4 from controller 0 epoch 18 for partition [USA,0] (state.change.logger)
[2016-04-24 16:30:01,048] TRACE Broker 0 received LeaderAndIsr request (LeaderAndIsrInfo:(Leader:0,ISR:0,LeaderEpoch:16,ControllerEpoch:17),ReplicationFactor:1),AllReplicas:0) correlation id 4 from controller 0 epoch 18 for partition [test,0] (state.change.logger)
[2016-04-24 16:30:01,050] TRACE Controller 0 epoch 18 elected leader 0 for Offline partition [NC,0] (state.change.logger)
[2016-04-24 16:30:01,051] TRACE Controller 0 epoch 18 changed partition [NC,0] from OfflinePartition to OnlinePartition with leader 0 (state.change.logger)
[2016-04-24 16:30:01,052] TRACE Controller 0 epoch 18 started leader election for partition [USA,0] (state.change.logger)
[2016-04-24 16:30:01,060] TRACE Broker 0 handling LeaderAndIsr request correlationId 4 from controller 0 epoch 18 starting the become-leader transition for partition [Cary,0] (state.change.logger)
[2016-04-24 16:30:01,061] TRACE Broker 0 handling LeaderAndIsr request correlationId 4 from controller 0 epoch 18 starting the become-leader transition for partition [test,0] (state.change.logger)
[2016-04-24 16:30:01,061] TRACE Broker 0 handling LeaderAndIsr request correlationId 4 from controller 0 epoch 18 starting the become-leader transition for partition [USA,0] (state.change.logger)
[2016-04-24 16:30:01,061] TRACE Broker 0 handling LeaderAndIsr request correlationId 4 from controller 0 epoch 18 starting the become-leader transition for partition [NC,0] (state.change.logger)
[2016-04-24 16:30:01,065] TRACE Broker 0 stopped fetchers as part of become-leader request from controller 0 epoch 18 with correlation id 4 for partition [Cary,0] (state.change.logger)
[2016-04-24 16:30:01,065] TRACE Broker 0 stopped fetchers as part of become-leader request from controller 0 epoch 18 with correlation id 4 for partition [test,0] (state.change.logger)
[2016-04-24 16:30:01,066] TRACE Broker 0 stopped fetchers as part of become-leader request from controller 0 epoch 18 with correlation id 4 for partition [USA,0] (state.change.logger)
[2016-04-24 16:30:01,066] TRACE Broker 0 stopped fetchers as part of become-leader request from controller 0 epoch 18 with correlation id 4 for partition [NC,0] (state.change.logger)
[2016-04-24 16:30:01,077] TRACE Controller 0 epoch 18 elected leader 0 for Offline partition [USA,0] (state.change.logger)
[2016-04-24 16:30:01,078] TRACE Controller 0 epoch 18 changed partition [USA,0] from OfflinePartition to OnlinePartition with leader 0 (state.change.logger)
[2016-04-24 16:30:01,079] TRACE Controller 0 epoch 18 started leader election for partition [test,0] (state.change.logger)
[2016-04-24 16:30:01,103] TRACE Controller 0 epoch 18 elected leader 0 for Offline partition [test,0] (state.change.logger)
[2016-04-24 16:30:01,105] TRACE Controller 0 epoch 18 changed partition [test,0] from OfflinePartition to OnlinePartition with leader 0 (state.change.logger)
[2016-04-24 16:30:01,105] TRACE Controller 0 epoch 18 sending become-leader LeaderAndIsr request (Leader:0,ISR:0,LeaderEpoch:17,ControllerEpoch:18) with correlationId 5 to broker 0 for partition [NC,0] (state.change.logger)
[2016-04-24 16:30:01,106] TRACE Controller 0 epoch 18 sending become-leader LeaderAndIsr request (Leader:0,ISR:0,LeaderEpoch:17,ControllerEpoch:18) with correlationId 5 to broker 0 for partition [Cary,0] (state.change.logger)
[2016-04-24 16:30:01,106] TRACE Controller 0 epoch 18 sending become-leader LeaderAndIsr request (Leader:0,ISR:0,LeaderEpoch:11,ControllerEpoch:18) with correlationId 5 to broker 0 for partition [USA,0] (state.change.logger)
[2016-04-24 16:30:01,106] TRACE Controller 0 epoch 18 sending become-leader LeaderAndIsr request (Leader:0,ISR:0,LeaderEpoch:17,ControllerEpoch:18) with correlationId 5 to broker 0 for partition [test,0] (state.change.logger)
[2016-04-24 16:30:01,106] TRACE Controller 0 epoch 18 sending UpdateMetadata request (Leader:0,ISR:0,LeaderEpoch:17,ControllerEpoch:18) with correlationId 5 to broker 0 for partition [NC,0] (state.change.logger)
[2016-04-24 16:30:01,107] TRACE Controller 0 epoch 18 sending UpdateMetadata request (Leader:0,ISR:0,LeaderEpoch:17,ControllerEpoch:18) with correlationId 5 to broker 0 for partition [Cary,0] (state.change.logger)
[2016-04-24 16:30:01,107] TRACE Controller 0 epoch 18 sending UpdateMetadata request (Leader:0,ISR:0,LeaderEpoch:11,ControllerEpoch:18) with correlationId 5 to broker 0 for partition [USA,0] (state.change.logger)
[2016-04-24 16:30:01,108] TRACE Controller 0 epoch 18 sending UpdateMetadata request (Leader:0,ISR:0,LeaderEpoch:17,ControllerEpoch:18) with correlationId 5 to broker 0 for partition [test,0] (state.change.logger)
[2016-04-24 16:30:01,116] TRACE Broker 0 completed LeaderAndIsr request correlationId 4 from controller 0 epoch 18 for the become-leader transition for partition [Cary,0] (state.change.logger)
[2016-04-24 16:30:01,116] TRACE Broker 0 completed LeaderAndIsr request correlationId 4 from controller 0 epoch 18 for the become-leader transition for partition [test,0] (state.change.logger)
[2016-04-24 16:30:01,116] TRACE Broker 0 completed LeaderAndIsr request correlationId 4 from controller 0 epoch 18 for the become-leader transition for partition [USA,0] (state.change.logger)
[2016-04-24 16:30:01,117] TRACE Broker 0 completed LeaderAndIsr request correlationId 4 from controller 0 epoch 18 for the become-leader transition for partition [NC,0] (state.change.logger)
[2016-04-24 16:30:01,148] TRACE Controller 0 epoch 18 received response LeaderAndIsrResponse(4,Map((Cary,0) -> 0, (NC,0) -> 0, (USA,0) -> 0, (test,0) -> 0),0) for a request sent to broker id:0,host:Isha-PC,port:9092 (state.change.logger)
[2016-04-24 16:30:01,150] TRACE Broker 0 cached leader info (LeaderAndIsrInfo:(Leader:0,ISR:0,LeaderEpoch:16,ControllerEpoch:17),ReplicationFactor:1),AllReplicas:0) for partition [Cary,0] in response to UpdateMetadata request sent by controller 0 epoch 18 with correlation id 4 (state.change.logger)
[2016-04-24 16:30:01,150] TRACE Broker 0 cached leader info (LeaderAndIsrInfo:(Leader:0,ISR:0,LeaderEpoch:16,ControllerEpoch:17),ReplicationFactor:1),AllReplicas:0) for partition [NC,0] in response to UpdateMetadata request sent by controller 0 epoch 18 with correlation id 4 (state.change.logger)
[2016-04-24 16:30:01,150] TRACE Broker 0 cached leader info (LeaderAndIsrInfo:(Leader:0,ISR:0,LeaderEpoch:10,ControllerEpoch:17),ReplicationFactor:1),AllReplicas:0) for partition [USA,0] in response to UpdateMetadata request sent by controller 0 epoch 18 with correlation id 4 (state.change.logger)
[2016-04-24 16:30:01,150] TRACE Broker 0 cached leader info (LeaderAndIsrInfo:(Leader:0,ISR:0,LeaderEpoch:16,ControllerEpoch:17),ReplicationFactor:1),AllReplicas:0) for partition [test,0] in response to UpdateMetadata request sent by controller 0 epoch 18 with correlation id 4 (state.change.logger)
[2016-04-24 16:30:01,151] TRACE Controller 0 epoch 18 received response UpdateMetadataResponse(4,0) for a request sent to broker id:0,host:Isha-PC,port:9092 (state.change.logger)
[2016-04-24 16:30:01,152] TRACE Broker 0 received LeaderAndIsr request (LeaderAndIsrInfo:(Leader:0,ISR:0,LeaderEpoch:17,ControllerEpoch:18),ReplicationFactor:1),AllReplicas:0) correlation id 5 from controller 0 epoch 18 for partition [Cary,0] (state.change.logger)
[2016-04-24 16:30:01,152] TRACE Broker 0 received LeaderAndIsr request (LeaderAndIsrInfo:(Leader:0,ISR:0,LeaderEpoch:17,ControllerEpoch:18),ReplicationFactor:1),AllReplicas:0) correlation id 5 from controller 0 epoch 18 for partition [NC,0] (state.change.logger)
[2016-04-24 16:30:01,152] TRACE Broker 0 received LeaderAndIsr request (LeaderAndIsrInfo:(Leader:0,ISR:0,LeaderEpoch:11,ControllerEpoch:18),ReplicationFactor:1),AllReplicas:0) correlation id 5 from controller 0 epoch 18 for partition [USA,0] (state.change.logger)
[2016-04-24 16:30:01,152] TRACE Broker 0 received LeaderAndIsr request (LeaderAndIsrInfo:(Leader:0,ISR:0,LeaderEpoch:17,ControllerEpoch:18),ReplicationFactor:1),AllReplicas:0) correlation id 5 from controller 0 epoch 18 for partition [test,0] (state.change.logger)
[2016-04-24 16:30:01,153] TRACE Broker 0 handling LeaderAndIsr request correlationId 5 from controller 0 epoch 18 starting the become-leader transition for partition [Cary,0] (state.change.logger)
[2016-04-24 16:30:01,153] TRACE Broker 0 handling LeaderAndIsr request correlationId 5 from controller 0 epoch 18 starting the become-leader transition for partition [test,0] (state.change.logger)
[2016-04-24 16:30:01,153] TRACE Broker 0 handling LeaderAndIsr request correlationId 5 from controller 0 epoch 18 starting the become-leader transition for partition [USA,0] (state.change.logger)
[2016-04-24 16:30:01,153] TRACE Broker 0 handling LeaderAndIsr request correlationId 5 from controller 0 epoch 18 starting the become-leader transition for partition [NC,0] (state.change.logger)
[2016-04-24 16:30:01,154] TRACE Broker 0 stopped fetchers as part of become-leader request from controller 0 epoch 18 with correlation id 5 for partition [Cary,0] (state.change.logger)
[2016-04-24 16:30:01,155] TRACE Broker 0 stopped fetchers as part of become-leader request from controller 0 epoch 18 with correlation id 5 for partition [test,0] (state.change.logger)
[2016-04-24 16:30:01,155] TRACE Broker 0 stopped fetchers as part of become-leader request from controller 0 epoch 18 with correlation id 5 for partition [USA,0] (state.change.logger)
[2016-04-24 16:30:01,155] TRACE Broker 0 stopped fetchers as part of become-leader request from controller 0 epoch 18 with correlation id 5 for partition [NC,0] (state.change.logger)
[2016-04-24 16:30:01,156] TRACE Broker 0 completed LeaderAndIsr request correlationId 5 from controller 0 epoch 18 for the become-leader transition for partition [Cary,0] (state.change.logger)
[2016-04-24 16:30:01,156] TRACE Broker 0 completed LeaderAndIsr request correlationId 5 from controller 0 epoch 18 for the become-leader transition for partition [test,0] (state.change.logger)
[2016-04-24 16:30:01,156] TRACE Broker 0 completed LeaderAndIsr request correlationId 5 from controller 0 epoch 18 for the become-leader transition for partition [USA,0] (state.change.logger)
[2016-04-24 16:30:01,157] TRACE Broker 0 completed LeaderAndIsr request correlationId 5 from controller 0 epoch 18 for the become-leader transition for partition [NC,0] (state.change.logger)
[2016-04-24 16:30:01,157] TRACE Controller 0 epoch 18 received response LeaderAndIsrResponse(5,Map((Cary,0) -> 0, (NC,0) -> 0, (USA,0) -> 0, (test,0) -> 0),0) for a request sent to broker id:0,host:Isha-PC,port:9092 (state.change.logger)
[2016-04-24 16:30:01,158] TRACE Broker 0 cached leader info (LeaderAndIsrInfo:(Leader:0,ISR:0,LeaderEpoch:17,ControllerEpoch:18),ReplicationFactor:1),AllReplicas:0) for partition [Cary,0] in response to UpdateMetadata request sent by controller 0 epoch 18 with correlation id 5 (state.change.logger)
[2016-04-24 16:30:01,159] TRACE Broker 0 cached leader info (LeaderAndIsrInfo:(Leader:0,ISR:0,LeaderEpoch:17,ControllerEpoch:18),ReplicationFactor:1),AllReplicas:0) for partition [NC,0] in response to UpdateMetadata request sent by controller 0 epoch 18 with correlation id 5 (state.change.logger)
[2016-04-24 16:30:01,159] TRACE Broker 0 cached leader info (LeaderAndIsrInfo:(Leader:0,ISR:0,LeaderEpoch:11,ControllerEpoch:18),ReplicationFactor:1),AllReplicas:0) for partition [USA,0] in response to UpdateMetadata request sent by controller 0 epoch 18 with correlation id 5 (state.change.logger)
[2016-04-24 16:30:01,159] TRACE Broker 0 cached leader info (LeaderAndIsrInfo:(Leader:0,ISR:0,LeaderEpoch:17,ControllerEpoch:18),ReplicationFactor:1),AllReplicas:0) for partition [test,0] in response to UpdateMetadata request sent by controller 0 epoch 18 with correlation id 5 (state.change.logger)
[2016-04-24 16:30:01,160] TRACE Controller 0 epoch 18 received response UpdateMetadataResponse(5,0) for a request sent to broker id:0,host:Isha-PC,port:9092 (state.change.logger)
